[2022-03-30 22:24:00,082] multiqc                                            [DEBUG  ]  This is MultiQC v1.12
[2022-03-30 22:24:00,082] multiqc                                            [DEBUG  ]  No MultiQC config found: /sw/bioinfo/MultiQC/1.12/rackham/lib/python3.8/site-packages/multiqc_config.yaml
[2022-03-30 22:24:00,082] multiqc                                            [DEBUG  ]  No MultiQC config found: /home/pcr98/.multiqc_config.yaml
[2022-03-30 22:24:00,083] multiqc                                            [DEBUG  ]  No MultiQC config found: multiqc_config.yaml
[2022-03-30 22:24:00,083] multiqc                                            [DEBUG  ]  Command used: /sw/bioinfo/MultiQC/1.12/snowy/bin/multiqc /home/pcr98/GenomeAnalysis/GenomeAnalysis/output/RNA_fastqc_trimmed /home/pcr98/GenomeAnalysis/GenomeAnalysis/output/RNA_trimmed
[2022-03-30 22:24:00,338] multiqc                                            [DEBUG  ]  Latest MultiQC version is v1.12
[2022-03-30 22:24:00,339] multiqc                                            [DEBUG  ]  Command     : /sw/bioinfo/MultiQC/1.12/snowy/bin/multiqc /home/pcr98/GenomeAnalysis/GenomeAnalysis/output/RNA_fastqc_trimmed /home/pcr98/GenomeAnalysis/GenomeAnalysis/output/RNA_trimmed
[2022-03-30 22:24:00,339] multiqc                                            [DEBUG  ]  Working dir : /domus/h1/pcr98/GenomeAnalysis/GenomeAnalysis/code
[2022-03-30 22:24:00,339] multiqc                                            [DEBUG  ]  Template    : default
[2022-03-30 22:24:00,339] multiqc                                            [DEBUG  ]  Running Python 3.8.7 (default, Feb  1 2021, 11:54:01)  [GCC 8.3.0]
[2022-03-30 22:24:00,340] multiqc                                            [DEBUG  ]  Analysing modules: custom_content, ccs, ngsderive, purple, conpair, lima, peddy, somalier, methylQA, mosdepth, phantompeakqualtools, qualimap, preseq, quast, qorts, rna_seqc, rockhopper, rsem, rseqc, busco, bustools, goleft_indexcov, gffcompare, disambiguate, supernova, deeptools, sargasso, verifybamid, mirtrace, happy, mirtop, sambamba, homer, hops, macs2, theta2, snpeff, gatk, htseq, bcftools, featureCounts, fgbio, dragen, dedup, pbmarkdup, damageprofiler, biobambam2, jcvi, mtnucratio, picard, vep, sentieon, prokka, qc3C, nanostat, samblaster, samtools, sexdeterrmine, eigenstratdatabasetools, bamtools, jellyfish, vcftools, longranger, stacks, varscan2, snippy, bbmap, bismark, biscuit, hicexplorer, hicup, hicpro, salmon, kallisto, slamdunk, star, hisat2, tophat, bowtie2, bowtie1, snpsplit, odgi, pangolin, kat, leehom, adapterRemoval, clipandmerge, cutadapt, flexbar, kaiju, kraken, malt, trimmomatic, sickle, skewer, sortmerna, biobloomtools, fastq_screen, afterqc, fastp, fastqc, pychopper, pycoqc, minionqc, multivcfanalyzer, clusterflow, checkqc, bcl2fastq, bclconvert, interop, ivar, flash, seqyclean, optitype, whatshap
[2022-03-30 22:24:00,340] multiqc                                            [DEBUG  ]  Using temporary directory for creating report: /scratch/6104213/tmp139arfvm
[2022-03-30 22:24:00,512] multiqc                                            [INFO   ]  Search path : /home/pcr98/GenomeAnalysis/GenomeAnalysis/output/RNA_fastqc_trimmed
[2022-03-30 22:24:00,513] multiqc                                            [INFO   ]  Search path : /home/pcr98/GenomeAnalysis/GenomeAnalysis/output/RNA_trimmed
[2022-03-30 22:24:00,586] multiqc                                            [DEBUG  ]  File ignored by ccs/v4 because it exceeded search pattern filesize limit: RNA_trim_SRR4342137.forward_paired.trimmed_fastqc.html
[2022-03-30 22:24:00,591] multiqc                                            [DEBUG  ]  File ignored by hicexplorer because it exceeded search pattern filesize limit: RNA_trim_SRR4342137.forward_paired.trimmed_fastqc.html
[2022-03-30 22:24:00,606] multiqc                                            [DEBUG  ]  File ignored by lima/summary because it exceeded search pattern filesize limit: RNA_trim_SRR4342137.forward_paired.trimmed_fastqc.html
[2022-03-30 22:24:00,616] multiqc                                            [DEBUG  ]  File ignored by vep/vep_txt because it exceeded search pattern filesize limit: RNA_trim_SRR4342137.forward_paired.trimmed_fastqc.html
[2022-03-30 22:24:00,616] multiqc                                            [DEBUG  ]  File ignored by longranger/invocation because it exceeded search pattern filesize limit: RNA_trim_SRR4342137.forward_paired.trimmed_fastqc.html
[2022-03-30 22:24:00,676] multiqc                                            [DEBUG  ]  File ignored by nanostat because it exceeded search pattern filesize limit: RNA_trim_SRR4342137.forward_paired.trimmed_fastqc.html
[2022-03-30 22:24:00,692] multiqc                                            [DEBUG  ]  File ignored by ccs/v4 because it exceeded search pattern filesize limit: RNA_trim_SRR4342137.forward_unpaired.trimmed_fastqc.html
[2022-03-30 22:24:00,697] multiqc                                            [DEBUG  ]  File ignored by hicexplorer because it exceeded search pattern filesize limit: RNA_trim_SRR4342137.forward_unpaired.trimmed_fastqc.html
[2022-03-30 22:24:00,697] multiqc                                            [DEBUG  ]  File ignored by lima/summary because it exceeded search pattern filesize limit: RNA_trim_SRR4342137.forward_unpaired.trimmed_fastqc.html
[2022-03-30 22:24:00,707] multiqc                                            [DEBUG  ]  File ignored by vep/vep_txt because it exceeded search pattern filesize limit: RNA_trim_SRR4342137.forward_unpaired.trimmed_fastqc.html
[2022-03-30 22:24:00,707] multiqc                                            [DEBUG  ]  File ignored by longranger/invocation because it exceeded search pattern filesize limit: RNA_trim_SRR4342137.forward_unpaired.trimmed_fastqc.html
[2022-03-30 22:24:00,768] multiqc                                            [DEBUG  ]  File ignored by nanostat because it exceeded search pattern filesize limit: RNA_trim_SRR4342137.forward_unpaired.trimmed_fastqc.html
[2022-03-30 22:24:00,782] multiqc                                            [DEBUG  ]  File ignored by ccs/v4 because it exceeded search pattern filesize limit: RNA_trim_SRR4342137.reverse_paired.trimmed_fastqc.html
[2022-03-30 22:24:00,787] multiqc                                            [DEBUG  ]  File ignored by hicexplorer because it exceeded search pattern filesize limit: RNA_trim_SRR4342137.reverse_paired.trimmed_fastqc.html
[2022-03-30 22:24:00,787] multiqc                                            [DEBUG  ]  File ignored by lima/summary because it exceeded search pattern filesize limit: RNA_trim_SRR4342137.reverse_paired.trimmed_fastqc.html
[2022-03-30 22:24:00,795] multiqc                                            [DEBUG  ]  File ignored by vep/vep_txt because it exceeded search pattern filesize limit: RNA_trim_SRR4342137.reverse_paired.trimmed_fastqc.html
[2022-03-30 22:24:00,796] multiqc                                            [DEBUG  ]  File ignored by longranger/invocation because it exceeded search pattern filesize limit: RNA_trim_SRR4342137.reverse_paired.trimmed_fastqc.html
[2022-03-30 22:24:00,855] multiqc                                            [DEBUG  ]  File ignored by nanostat because it exceeded search pattern filesize limit: RNA_trim_SRR4342137.reverse_paired.trimmed_fastqc.html
[2022-03-30 22:24:00,869] multiqc                                            [DEBUG  ]  File ignored by ccs/v4 because it exceeded search pattern filesize limit: RNA_trim_SRR4342137.reverse_unpaired.trimmed_fastqc.html
[2022-03-30 22:24:00,873] multiqc                                            [DEBUG  ]  File ignored by hicexplorer because it exceeded search pattern filesize limit: RNA_trim_SRR4342137.reverse_unpaired.trimmed_fastqc.html
[2022-03-30 22:24:00,874] multiqc                                            [DEBUG  ]  File ignored by lima/summary because it exceeded search pattern filesize limit: RNA_trim_SRR4342137.reverse_unpaired.trimmed_fastqc.html
[2022-03-30 22:24:00,882] multiqc                                            [DEBUG  ]  File ignored by vep/vep_txt because it exceeded search pattern filesize limit: RNA_trim_SRR4342137.reverse_unpaired.trimmed_fastqc.html
[2022-03-30 22:24:00,882] multiqc                                            [DEBUG  ]  File ignored by longranger/invocation because it exceeded search pattern filesize limit: RNA_trim_SRR4342137.reverse_unpaired.trimmed_fastqc.html
[2022-03-30 22:24:00,941] multiqc                                            [DEBUG  ]  File ignored by nanostat because it exceeded search pattern filesize limit: RNA_trim_SRR4342137.reverse_unpaired.trimmed_fastqc.html
[2022-03-30 22:24:00,955] multiqc                                            [DEBUG  ]  File ignored by ccs/v4 because it exceeded search pattern filesize limit: RNA_trim_SRR4342139.forward_paired.trimmed_fastqc.html
[2022-03-30 22:24:00,960] multiqc                                            [DEBUG  ]  File ignored by hicexplorer because it exceeded search pattern filesize limit: RNA_trim_SRR4342139.forward_paired.trimmed_fastqc.html
[2022-03-30 22:24:00,960] multiqc                                            [DEBUG  ]  File ignored by lima/summary because it exceeded search pattern filesize limit: RNA_trim_SRR4342139.forward_paired.trimmed_fastqc.html
[2022-03-30 22:24:00,968] multiqc                                            [DEBUG  ]  File ignored by vep/vep_txt because it exceeded search pattern filesize limit: RNA_trim_SRR4342139.forward_paired.trimmed_fastqc.html
[2022-03-30 22:24:00,969] multiqc                                            [DEBUG  ]  File ignored by longranger/invocation because it exceeded search pattern filesize limit: RNA_trim_SRR4342139.forward_paired.trimmed_fastqc.html
[2022-03-30 22:24:01,024] multiqc                                            [DEBUG  ]  File ignored by nanostat because it exceeded search pattern filesize limit: RNA_trim_SRR4342139.forward_paired.trimmed_fastqc.html
[2022-03-30 22:24:01,038] multiqc                                            [DEBUG  ]  File ignored by ccs/v4 because it exceeded search pattern filesize limit: RNA_trim_SRR4342139.forward_unpaired.trimmed_fastqc.html
[2022-03-30 22:24:01,043] multiqc                                            [DEBUG  ]  File ignored by hicexplorer because it exceeded search pattern filesize limit: RNA_trim_SRR4342139.forward_unpaired.trimmed_fastqc.html
[2022-03-30 22:24:01,044] multiqc                                            [DEBUG  ]  File ignored by lima/summary because it exceeded search pattern filesize limit: RNA_trim_SRR4342139.forward_unpaired.trimmed_fastqc.html
[2022-03-30 22:24:01,052] multiqc                                            [DEBUG  ]  File ignored by vep/vep_txt because it exceeded search pattern filesize limit: RNA_trim_SRR4342139.forward_unpaired.trimmed_fastqc.html
[2022-03-30 22:24:01,052] multiqc                                            [DEBUG  ]  File ignored by longranger/invocation because it exceeded search pattern filesize limit: RNA_trim_SRR4342139.forward_unpaired.trimmed_fastqc.html
[2022-03-30 22:24:01,113] multiqc                                            [DEBUG  ]  File ignored by nanostat because it exceeded search pattern filesize limit: RNA_trim_SRR4342139.forward_unpaired.trimmed_fastqc.html
[2022-03-30 22:24:01,129] multiqc                                            [DEBUG  ]  File ignored by ccs/v4 because it exceeded search pattern filesize limit: RNA_trim_SRR4342139.reverse_paired.trimmed_fastqc.html
[2022-03-30 22:24:01,134] multiqc                                            [DEBUG  ]  File ignored by hicexplorer because it exceeded search pattern filesize limit: RNA_trim_SRR4342139.reverse_paired.trimmed_fastqc.html
[2022-03-30 22:24:01,134] multiqc                                            [DEBUG  ]  File ignored by lima/summary because it exceeded search pattern filesize limit: RNA_trim_SRR4342139.reverse_paired.trimmed_fastqc.html
[2022-03-30 22:24:01,143] multiqc                                            [DEBUG  ]  File ignored by vep/vep_txt because it exceeded search pattern filesize limit: RNA_trim_SRR4342139.reverse_paired.trimmed_fastqc.html
[2022-03-30 22:24:01,144] multiqc                                            [DEBUG  ]  File ignored by longranger/invocation because it exceeded search pattern filesize limit: RNA_trim_SRR4342139.reverse_paired.trimmed_fastqc.html
[2022-03-30 22:24:01,203] multiqc                                            [DEBUG  ]  File ignored by nanostat because it exceeded search pattern filesize limit: RNA_trim_SRR4342139.reverse_paired.trimmed_fastqc.html
[2022-03-30 22:24:01,217] multiqc                                            [DEBUG  ]  File ignored by ccs/v4 because it exceeded search pattern filesize limit: RNA_trim_SRR4342139.reverse_unpaired.trimmed_fastqc.html
[2022-03-30 22:24:01,222] multiqc                                            [DEBUG  ]  File ignored by hicexplorer because it exceeded search pattern filesize limit: RNA_trim_SRR4342139.reverse_unpaired.trimmed_fastqc.html
[2022-03-30 22:24:01,222] multiqc                                            [DEBUG  ]  File ignored by lima/summary because it exceeded search pattern filesize limit: RNA_trim_SRR4342139.reverse_unpaired.trimmed_fastqc.html
[2022-03-30 22:24:01,231] multiqc                                            [DEBUG  ]  File ignored by vep/vep_txt because it exceeded search pattern filesize limit: RNA_trim_SRR4342139.reverse_unpaired.trimmed_fastqc.html
[2022-03-30 22:24:01,231] multiqc                                            [DEBUG  ]  File ignored by longranger/invocation because it exceeded search pattern filesize limit: RNA_trim_SRR4342139.reverse_unpaired.trimmed_fastqc.html
[2022-03-30 22:24:01,291] multiqc                                            [DEBUG  ]  File ignored by nanostat because it exceeded search pattern filesize limit: RNA_trim_SRR4342139.reverse_unpaired.trimmed_fastqc.html
[2022-03-30 22:24:01,295] multiqc                                            [DEBUG  ]  Ignoring file as matched an ignore pattern: RNA_trim_SRR4342137.forward_paired.trimmed.fastq.gz
[2022-03-30 22:24:01,295] multiqc                                            [DEBUG  ]  Ignoring file as matched an ignore pattern: RNA_trim_SRR4342137.forward_unpaired.trimmed.fastq.gz
[2022-03-30 22:24:01,296] multiqc                                            [DEBUG  ]  Ignoring file as matched an ignore pattern: RNA_trim_SRR4342137.reverse_paired.trimmed.fastq.gz
[2022-03-30 22:24:01,296] multiqc                                            [DEBUG  ]  Ignoring file as matched an ignore pattern: RNA_trim_SRR4342137.reverse_unpaired.trimmed.fastq.gz
[2022-03-30 22:24:01,296] multiqc                                            [DEBUG  ]  Ignoring file as matched an ignore pattern: RNA_trim_SRR4342139.forward_paired.trimmed.fastq.gz
[2022-03-30 22:24:01,296] multiqc                                            [DEBUG  ]  Ignoring file as matched an ignore pattern: RNA_trim_SRR4342139.forward_unpaired.trimmed.fastq.gz
[2022-03-30 22:24:01,297] multiqc                                            [DEBUG  ]  Ignoring file as matched an ignore pattern: RNA_trim_SRR4342139.reverse_paired.trimmed.fastq.gz
[2022-03-30 22:24:01,297] multiqc                                            [DEBUG  ]  Ignoring file as matched an ignore pattern: RNA_trim_SRR4342139.reverse_unpaired.trimmed.fastq.gz
[2022-03-30 22:24:02,041] multiqc.plots.linegraph                            [DEBUG  ]  Using matplotlib version 3.3.4
[2022-03-30 22:24:02,043] multiqc.plots.bargraph                             [DEBUG  ]  Using matplotlib version 3.3.4
[2022-03-30 22:24:02,381] multiqc.modules.fastqc.fastqc                      [INFO   ]  Found 8 reports
[2022-03-30 22:24:02,561] multiqc                                            [INFO   ]  Compressing plot data
[2022-03-30 22:24:02,752] multiqc                                            [INFO   ]  Report      : multiqc_report.html
[2022-03-30 22:24:02,752] multiqc                                            [INFO   ]  Data        : multiqc_data
[2022-03-30 22:24:02,752] multiqc                                            [DEBUG  ]  Moving data file from '/scratch/6104213/tmp139arfvm/multiqc_data' to '/domus/h1/pcr98/GenomeAnalysis/GenomeAnalysis/code/multiqc_data'
[2022-03-30 22:24:02,981] multiqc                                            [INFO   ]  MultiQC complete
