[2022-04-13 13:07:15,585] multiqc                                            [DEBUG  ]  This is MultiQC v1.12
[2022-04-13 13:07:15,586] multiqc                                            [DEBUG  ]  No MultiQC config found: /sw/bioinfo/MultiQC/1.12/rackham/lib/python3.8/site-packages/multiqc_config.yaml
[2022-04-13 13:07:15,587] multiqc                                            [DEBUG  ]  No MultiQC config found: /home/pcr98/.multiqc_config.yaml
[2022-04-13 13:07:15,587] multiqc                                            [DEBUG  ]  No MultiQC config found: multiqc_config.yaml
[2022-04-13 13:07:15,587] multiqc                                            [DEBUG  ]  Command used: /sw/bioinfo/MultiQC/1.12/snowy/bin/multiqc -i /home/pcr98/GenomeAnalysis/GenomeAnalysis/output/RNA_fastqc_trimmed/ /home/pcr98/GenomeAnalysis/GenomeAnalysis/analysis/preprocessing/RNA_fastqc_raw/ -o /home/pcr98/GenomeAnalysis/GenomeAnalysis/output/multiQC/
[2022-04-13 13:07:16,293] multiqc                                            [DEBUG  ]  Latest MultiQC version is v1.12
[2022-04-13 13:07:16,293] multiqc                                            [DEBUG  ]  Command     : /sw/bioinfo/MultiQC/1.12/snowy/bin/multiqc -i /home/pcr98/GenomeAnalysis/GenomeAnalysis/output/RNA_fastqc_trimmed/ /home/pcr98/GenomeAnalysis/GenomeAnalysis/analysis/preprocessing/RNA_fastqc_raw/ -o /home/pcr98/GenomeAnalysis/GenomeAnalysis/output/multiQC/
[2022-04-13 13:07:16,293] multiqc                                            [DEBUG  ]  Working dir : /domus/h1/pcr98/GenomeAnalysis/GenomeAnalysis/code
[2022-04-13 13:07:16,293] multiqc                                            [DEBUG  ]  Template    : default
[2022-04-13 13:07:16,293] multiqc                                            [DEBUG  ]  Running Python 3.8.7 (default, Feb  1 2021, 11:54:01)  [GCC 8.3.0]
[2022-04-13 13:07:16,294] multiqc                                            [INFO   ]  Report title: /home/pcr98/GenomeAnalysis/GenomeAnalysis/output/RNA_fastqc_trimmed/
[2022-04-13 13:07:16,294] multiqc                                            [DEBUG  ]  Analysing modules: custom_content, ccs, ngsderive, purple, conpair, lima, peddy, somalier, methylQA, mosdepth, phantompeakqualtools, qualimap, preseq, quast, qorts, rna_seqc, rockhopper, rsem, rseqc, busco, bustools, goleft_indexcov, gffcompare, disambiguate, supernova, deeptools, sargasso, verifybamid, mirtrace, happy, mirtop, sambamba, homer, hops, macs2, theta2, snpeff, gatk, htseq, bcftools, featureCounts, fgbio, dragen, dedup, pbmarkdup, damageprofiler, biobambam2, jcvi, mtnucratio, picard, vep, sentieon, prokka, qc3C, nanostat, samblaster, samtools, sexdeterrmine, eigenstratdatabasetools, bamtools, jellyfish, vcftools, longranger, stacks, varscan2, snippy, bbmap, bismark, biscuit, hicexplorer, hicup, hicpro, salmon, kallisto, slamdunk, star, hisat2, tophat, bowtie2, bowtie1, snpsplit, odgi, pangolin, kat, leehom, adapterRemoval, clipandmerge, cutadapt, flexbar, kaiju, kraken, malt, trimmomatic, sickle, skewer, sortmerna, biobloomtools, fastq_screen, afterqc, fastp, fastqc, pychopper, pycoqc, minionqc, multivcfanalyzer, clusterflow, checkqc, bcl2fastq, bclconvert, interop, ivar, flash, seqyclean, optitype, whatshap
[2022-04-13 13:07:16,295] multiqc                                            [DEBUG  ]  Using temporary directory for creating report: /scratch/6128953/tmpko531o77
[2022-04-13 13:07:16,495] multiqc                                            [INFO   ]  Search path : /home/pcr98/GenomeAnalysis/GenomeAnalysis/analysis/preprocessing/RNA_fastqc_raw
[2022-04-13 13:07:16,575] multiqc                                            [DEBUG  ]  File ignored by ccs/v4 because it exceeded search pattern filesize limit: SRR4342137.1_fastqc.html
[2022-04-13 13:07:16,581] multiqc                                            [DEBUG  ]  File ignored by hicexplorer because it exceeded search pattern filesize limit: SRR4342137.1_fastqc.html
[2022-04-13 13:07:16,581] multiqc                                            [DEBUG  ]  File ignored by lima/summary because it exceeded search pattern filesize limit: SRR4342137.1_fastqc.html
[2022-04-13 13:07:16,592] multiqc                                            [DEBUG  ]  File ignored by vep/vep_txt because it exceeded search pattern filesize limit: SRR4342137.1_fastqc.html
[2022-04-13 13:07:16,593] multiqc                                            [DEBUG  ]  File ignored by longranger/invocation because it exceeded search pattern filesize limit: SRR4342137.1_fastqc.html
[2022-04-13 13:07:16,659] multiqc                                            [DEBUG  ]  File ignored by nanostat because it exceeded search pattern filesize limit: SRR4342137.1_fastqc.html
[2022-04-13 13:07:16,701] multiqc                                            [DEBUG  ]  File ignored by ccs/v4 because it exceeded search pattern filesize limit: SRR4342137.2_fastqc.html
[2022-04-13 13:07:16,707] multiqc                                            [DEBUG  ]  File ignored by hicexplorer because it exceeded search pattern filesize limit: SRR4342137.2_fastqc.html
[2022-04-13 13:07:16,707] multiqc                                            [DEBUG  ]  File ignored by lima/summary because it exceeded search pattern filesize limit: SRR4342137.2_fastqc.html
[2022-04-13 13:07:16,717] multiqc                                            [DEBUG  ]  File ignored by vep/vep_txt because it exceeded search pattern filesize limit: SRR4342137.2_fastqc.html
[2022-04-13 13:07:16,717] multiqc                                            [DEBUG  ]  File ignored by longranger/invocation because it exceeded search pattern filesize limit: SRR4342137.2_fastqc.html
[2022-04-13 13:07:16,781] multiqc                                            [DEBUG  ]  File ignored by nanostat because it exceeded search pattern filesize limit: SRR4342137.2_fastqc.html
[2022-04-13 13:07:16,834] multiqc                                            [DEBUG  ]  File ignored by ccs/v4 because it exceeded search pattern filesize limit: SRR4342139.1_fastqc.html
[2022-04-13 13:07:16,839] multiqc                                            [DEBUG  ]  File ignored by hicexplorer because it exceeded search pattern filesize limit: SRR4342139.1_fastqc.html
[2022-04-13 13:07:16,839] multiqc                                            [DEBUG  ]  File ignored by lima/summary because it exceeded search pattern filesize limit: SRR4342139.1_fastqc.html
[2022-04-13 13:07:16,849] multiqc                                            [DEBUG  ]  File ignored by vep/vep_txt because it exceeded search pattern filesize limit: SRR4342139.1_fastqc.html
[2022-04-13 13:07:16,849] multiqc                                            [DEBUG  ]  File ignored by longranger/invocation because it exceeded search pattern filesize limit: SRR4342139.1_fastqc.html
[2022-04-13 13:07:16,914] multiqc                                            [DEBUG  ]  File ignored by nanostat because it exceeded search pattern filesize limit: SRR4342139.1_fastqc.html
[2022-04-13 13:07:16,955] multiqc                                            [DEBUG  ]  File ignored by ccs/v4 because it exceeded search pattern filesize limit: SRR4342139.2_fastqc.html
[2022-04-13 13:07:16,960] multiqc                                            [DEBUG  ]  File ignored by hicexplorer because it exceeded search pattern filesize limit: SRR4342139.2_fastqc.html
[2022-04-13 13:07:16,961] multiqc                                            [DEBUG  ]  File ignored by lima/summary because it exceeded search pattern filesize limit: SRR4342139.2_fastqc.html
[2022-04-13 13:07:16,970] multiqc                                            [DEBUG  ]  File ignored by vep/vep_txt because it exceeded search pattern filesize limit: SRR4342139.2_fastqc.html
[2022-04-13 13:07:16,970] multiqc                                            [DEBUG  ]  File ignored by longranger/invocation because it exceeded search pattern filesize limit: SRR4342139.2_fastqc.html
[2022-04-13 13:07:17,036] multiqc                                            [DEBUG  ]  File ignored by nanostat because it exceeded search pattern filesize limit: SRR4342139.2_fastqc.html
[2022-04-13 13:07:17,833] multiqc.plots.linegraph                            [DEBUG  ]  Using matplotlib version 3.3.4
[2022-04-13 13:07:17,836] multiqc.plots.bargraph                             [DEBUG  ]  Using matplotlib version 3.3.4
[2022-04-13 13:07:18,204] multiqc.modules.fastqc.fastqc                      [INFO   ]  Found 4 reports
[2022-04-13 13:07:18,330] multiqc                                            [INFO   ]  Compressing plot data
[2022-04-13 13:07:18,450] multiqc                                            [INFO   ]  Report      : ../../../../../../home/pcr98/GenomeAnalysis/GenomeAnalysis/output/multiQC/homepcr98GenomeAnalysisGenomeAnalysisoutputRNA_fastqc_trimmed_multiqc_report.html
[2022-04-13 13:07:18,451] multiqc                                            [INFO   ]  Data        : ../../../../../../home/pcr98/GenomeAnalysis/GenomeAnalysis/output/multiQC/homepcr98GenomeAnalysisGenomeAnalysisoutputRNA_fastqc_trimmed_multiqc_report_data
[2022-04-13 13:07:18,451] multiqc                                            [DEBUG  ]  Moving data file from '/scratch/6128953/tmpko531o77/multiqc_data' to '/home/pcr98/GenomeAnalysis/GenomeAnalysis/output/multiQC/homepcr98GenomeAnalysisGenomeAnalysisoutputRNA_fastqc_trimmed_multiqc_report_data'
[2022-04-13 13:07:18,690] multiqc                                            [INFO   ]  MultiQC complete
