[2022-04-10 16:12:34] INFO: CheckM v1.1.3
[2022-04-10 16:12:34] INFO: checkm tree -x fa --reduced_tree /home/pcr98/GenomeAnalysis/GenomeAnalysis/output/binning/D3/ /home/pcr98/GenomeAnalysis/GenomeAnalysis/output/binning/D3_eval/
[2022-04-10 16:12:34] INFO: [CheckM - tree] Placing bins in reference genome tree.
[2022-04-10 16:12:35] INFO: Identifying marker genes in 42 bins with 1 threads:
[2022-04-10 16:20:10] INFO: Saving HMM info to file.
[2022-04-10 16:20:10] INFO: Calculating genome statistics for 42 bins with 1 threads:
[2022-04-10 16:20:15] INFO: Extracting marker genes to align.
[2022-04-10 16:20:15] INFO: Parsing HMM hits to marker genes:
[2022-04-10 16:20:17] INFO: Extracting 43 HMMs with 1 threads:
[2022-04-10 16:20:18] INFO: Aligning 43 marker genes with 1 threads:
[2022-04-10 16:20:24] INFO: Reading marker alignment files.
[2022-04-10 16:20:24] INFO: Concatenating alignments.
[2022-04-10 16:20:24] INFO: Placing 42 bins into the genome tree with pplacer (be patient).
[2022-04-10 16:24:37] INFO: { Current stage: 0:12:03.474 || Total: 0:12:03.474 }
[2022-04-10 16:31:43] INFO: CheckM v1.1.3
[2022-04-10 16:31:43] INFO: checkm lineage_wf -t 4 -x fa --reduced_tree /home/pcr98/GenomeAnalysis/GenomeAnalysis/output/binning/D3/ /home/pcr98/GenomeAnalysis/GenomeAnalysis/output/binning/D3_eval/
[2022-04-10 16:31:43] INFO: [CheckM - tree] Placing bins in reference genome tree.
[2022-04-10 16:31:44] INFO: Identifying marker genes in 42 bins with 4 threads:
[2022-04-10 16:31:56] INFO: Saving HMM info to file.
[2022-04-10 16:31:56] INFO: Calculating genome statistics for 42 bins with 4 threads:
[2022-04-10 16:31:57] INFO: Extracting marker genes to align.
[2022-04-10 16:31:57] INFO: Parsing HMM hits to marker genes:
[2022-04-10 16:31:59] INFO: Extracting 43 HMMs with 4 threads:
[2022-04-10 16:32:00] INFO: Aligning 43 marker genes with 4 threads:
[2022-04-10 16:32:02] INFO: Reading marker alignment files.
[2022-04-10 16:32:02] INFO: Concatenating alignments.
[2022-04-10 16:32:02] INFO: Placing 42 bins into the genome tree with pplacer (be patient).
[2022-04-10 16:36:09] INFO: { Current stage: 0:04:25.737 || Total: 0:04:25.737 }
[2022-04-10 16:36:09] INFO: [CheckM - lineage_set] Inferring lineage-specific marker sets.
[2022-04-10 16:36:09] INFO: Reading HMM info from file.
[2022-04-10 16:36:09] INFO: Parsing HMM hits to marker genes:
[2022-04-10 16:36:11] INFO: Determining marker sets for each genome bin.
[2022-04-10 16:36:19] INFO: Marker set written to: /home/pcr98/GenomeAnalysis/GenomeAnalysis/output/binning/D3_eval/lineage.ms
[2022-04-10 16:36:19] INFO: { Current stage: 0:00:09.601 || Total: 0:04:35.339 }
[2022-04-10 16:36:19] INFO: [CheckM - analyze] Identifying marker genes in bins.
[2022-04-10 16:36:20] INFO: Identifying marker genes in 42 bins with 4 threads:
[2022-04-10 16:44:37] INFO: Saving HMM info to file.
[2022-04-10 16:44:39] INFO: { Current stage: 0:08:19.834 || Total: 0:12:55.173 }
[2022-04-10 16:44:39] INFO: Parsing HMM hits to marker genes:
[2022-04-10 16:44:47] INFO: Aligning marker genes with multiple hits in a single bin:
[2022-04-10 16:45:05] INFO: { Current stage: 0:00:26.809 || Total: 0:13:21.983 }
[2022-04-10 16:45:05] INFO: Calculating genome statistics for 42 bins with 4 threads:
[2022-04-10 16:45:07] INFO: { Current stage: 0:00:01.159 || Total: 0:13:23.142 }
[2022-04-10 16:45:07] INFO: [CheckM - qa] Tabulating genome statistics.
[2022-04-10 16:45:07] INFO: Calculating AAI between multi-copy marker genes.
[2022-04-10 16:45:07] INFO: Reading HMM info from file.
[2022-04-10 16:45:08] INFO: Parsing HMM hits to marker genes:
[2022-04-10 16:45:16] INFO: { Current stage: 0:00:09.822 || Total: 0:13:32.965 }
