[2022-04-10 16:05:55] INFO: CheckM v1.1.3
[2022-04-10 16:05:55] INFO: checkm tree -x fa --reduced_tree /home/pcr98/GenomeAnalysis/GenomeAnalysis/output/binning/D1/ /home/pcr98/GenomeAnalysis/GenomeAnalysis/output/binning/D1_eval/
[2022-04-10 16:05:55] INFO: [CheckM - tree] Placing bins in reference genome tree.
[2022-04-10 16:05:56] INFO: Identifying marker genes in 24 bins with 1 threads:
[2022-04-10 16:09:09] INFO: Saving HMM info to file.
[2022-04-10 16:09:09] INFO: Calculating genome statistics for 24 bins with 1 threads:
[2022-04-10 16:09:11] INFO: Extracting marker genes to align.
[2022-04-10 16:09:11] INFO: Parsing HMM hits to marker genes:
[2022-04-10 16:09:12] INFO: Extracting 43 HMMs with 1 threads:
[2022-04-10 16:09:13] INFO: Aligning 43 marker genes with 1 threads:
[2022-04-10 16:09:16] INFO: Reading marker alignment files.
[2022-04-10 16:09:16] INFO: Concatenating alignments.
[2022-04-10 16:09:16] INFO: Placing 24 bins into the genome tree with pplacer (be patient).
[2022-04-10 16:12:33] INFO: { Current stage: 0:06:37.577 || Total: 0:06:37.577 }
[2022-04-10 16:24:57] INFO: CheckM v1.1.3
[2022-04-10 16:24:57] INFO: checkm lineage_wf -t 4 -x fa --reduced_tree /home/pcr98/GenomeAnalysis/GenomeAnalysis/output/binning/D1/ /home/pcr98/GenomeAnalysis/GenomeAnalysis/output/binning/D1_eval/
[2022-04-10 16:24:57] INFO: [CheckM - tree] Placing bins in reference genome tree.
[2022-04-10 16:24:57] INFO: Identifying marker genes in 24 bins with 4 threads:
[2022-04-10 16:25:03] INFO: Saving HMM info to file.
[2022-04-10 16:25:03] INFO: Calculating genome statistics for 24 bins with 4 threads:
[2022-04-10 16:25:04] INFO: Extracting marker genes to align.
[2022-04-10 16:25:04] INFO: Parsing HMM hits to marker genes:
[2022-04-10 16:25:05] INFO: Extracting 43 HMMs with 4 threads:
[2022-04-10 16:25:05] INFO: Aligning 43 marker genes with 4 threads:
[2022-04-10 16:25:07] INFO: Reading marker alignment files.
[2022-04-10 16:25:07] INFO: Concatenating alignments.
[2022-04-10 16:25:07] INFO: Placing 24 bins into the genome tree with pplacer (be patient).
[2022-04-10 16:28:17] INFO: { Current stage: 0:03:20.791 || Total: 0:03:20.791 }
[2022-04-10 16:28:17] INFO: [CheckM - lineage_set] Inferring lineage-specific marker sets.
[2022-04-10 16:28:17] INFO: Reading HMM info from file.
[2022-04-10 16:28:17] INFO: Parsing HMM hits to marker genes:
[2022-04-10 16:28:19] INFO: Determining marker sets for each genome bin.
[2022-04-10 16:28:23] INFO: Marker set written to: /home/pcr98/GenomeAnalysis/GenomeAnalysis/output/binning/D1_eval/lineage.ms
[2022-04-10 16:28:23] INFO: { Current stage: 0:00:05.243 || Total: 0:03:26.034 }
[2022-04-10 16:28:23] INFO: [CheckM - analyze] Identifying marker genes in bins.
[2022-04-10 16:28:23] INFO: Identifying marker genes in 24 bins with 4 threads:
[2022-04-10 16:31:21] INFO: Saving HMM info to file.
[2022-04-10 16:31:22] INFO: { Current stage: 0:02:58.966 || Total: 0:06:25.000 }
[2022-04-10 16:31:22] INFO: Parsing HMM hits to marker genes:
[2022-04-10 16:31:25] INFO: Aligning marker genes with multiple hits in a single bin:
[2022-04-10 16:31:38] INFO: { Current stage: 0:00:15.996 || Total: 0:06:40.997 }
[2022-04-10 16:31:38] INFO: Calculating genome statistics for 24 bins with 4 threads:
[2022-04-10 16:31:38] INFO: { Current stage: 0:00:00.652 || Total: 0:06:41.650 }
[2022-04-10 16:31:38] INFO: [CheckM - qa] Tabulating genome statistics.
[2022-04-10 16:31:38] INFO: Calculating AAI between multi-copy marker genes.
[2022-04-10 16:31:39] INFO: Reading HMM info from file.
[2022-04-10 16:31:39] INFO: Parsing HMM hits to marker genes:
[2022-04-10 16:31:42] INFO: { Current stage: 0:00:03.680 || Total: 0:06:45.330 }
