EggNOG data 5.0 available at /sw/data/uppnex/eggNOG/5.0
D1.10.fa
[1;32mFunctional annotation of hits...[0m
0 3.814697265625e-06 0.00 q/s (% mem usage: 12.60, % mem avail: 87.45)
#  emapper-2.1.5-28cd3af
# emapper.py  --itype metagenome -i D1.10.fa -o D1.10.fa --output_dir /domus/h1/pcr98/GenomeAnalysis/GenomeAnalysis/output/functann/D1
[1;33m  /sw/bioinfo/eggNOG-mapper/2.1.5/snowy/lib/python3.8/site-packages/eggnogmapper/bin/diamond blastx -d /crex/data/eggNOG_data/5.0/eggnog_proteins.dmnd -q /domus/h1/pcr98/GenomeAnalysis/GenomeAnalysis/output/binning/D1/D1.10.fa --threads 1 -o /domus/h1/pcr98/GenomeAnalysis/GenomeAnalysis/output/functann/D1/D1.10.fa.emapper.hits  --sensitive -e 0.001 --max-target-seqs 0 --max-hsps 0  --outfmt 6 qseqid sseqid pident length mismatch gapopen qstart qend sstart send evalue bitscore qcovhsp scovhsp[0m
[1;32mDecorating gff file /domus/h1/pcr98/GenomeAnalysis/GenomeAnalysis/output/functann/D1/D1.10.fa.emapper.gff...[0m
Parsing fasta file /domus/h1/pcr98/GenomeAnalysis/GenomeAnalysis/output/binning/D1/D1.10.fa...
Fasta file /domus/h1/pcr98/GenomeAnalysis/GenomeAnalysis/output/binning/D1/D1.10.fa parsing complete.
500 285.91836619377136 1.75 q/s (% mem usage: 19.90, % mem avail: 80.10)
772 286.0394172668457 2.70 q/s (% mem usage: 19.90, % mem avail: 80.10)
[32mDone[0m
   /domus/h1/pcr98/GenomeAnalysis/GenomeAnalysis/output/functann/D1/D1.10.fa.emapper.genepred.fasta
   /domus/h1/pcr98/GenomeAnalysis/GenomeAnalysis/output/functann/D1/D1.10.fa.emapper.gff
   /domus/h1/pcr98/GenomeAnalysis/GenomeAnalysis/output/functann/D1/D1.10.fa.emapper.hits
   /domus/h1/pcr98/GenomeAnalysis/GenomeAnalysis/output/functann/D1/D1.10.fa.emapper.seed_orthologs
   /domus/h1/pcr98/GenomeAnalysis/GenomeAnalysis/output/functann/D1/D1.10.fa.emapper.annotations

================================================================================
CITATION:
If you use this software, please cite:

[1] eggNOG-mapper v2: functional annotation, orthology assignments, and domain 
      prediction at the metagenomic scale. Carlos P. Cantalapiedra, 
      Ana Hernandez-Plaza, Ivica Letunic, Peer Bork, Jaime Huerta-Cepas.
      biorxiv (2021). doi: https://doi.org/10.1101/2021.06.03.446934

[2] eggNOG 5.0: a hierarchical, functionally and phylogenetically annotated
      orthology resource based on 5090 organisms and 2502 viruses. Jaime
      Huerta-Cepas, Damian Szklarczyk, Davide Heller, Ana Hernandez-Plaza,
      Sofia K Forslund, Helen Cook, Daniel R Mende, Ivica Letunic, Thomas
      Rattei, Lars J Jensen, Christian von Mering and Peer Bork. Nucleic Acids
      Research, Volume 47, Issue D1, 8 January 2019, Pages D309-D314,
      https://doi.org/10.1093/nar/gky1085 

[3] Fast and Sensitive Protein Alignment using DIAMOND. Buchfink B, Xie C,
       Huson DH. 2015. Nat. Methods 12, 59–60. https://doi.org/10.1038/nmeth.3176

e.g. Functional annotation was performed using emapper-2.1.5-28cd3af [1]
 based on eggNOG orthology data [2]. Sequence searches were performed using [3].


================================================================================

Total hits processed: 772
Total time: 8396 secs
FINISHED
D1.11.fa
[1;32mFunctional annotation of hits...[0m
0 3.5762786865234375e-06 0.00 q/s (% mem usage: 12.80, % mem avail: 87.22)
#  emapper-2.1.5-28cd3af
# emapper.py  --itype metagenome -i D1.11.fa -o D1.11.fa --output_dir /domus/h1/pcr98/GenomeAnalysis/GenomeAnalysis/output/functann/D1
[1;33m  /sw/bioinfo/eggNOG-mapper/2.1.5/snowy/lib/python3.8/site-packages/eggnogmapper/bin/diamond blastx -d /crex/data/eggNOG_data/5.0/eggnog_proteins.dmnd -q /domus/h1/pcr98/GenomeAnalysis/GenomeAnalysis/output/binning/D1/D1.11.fa --threads 1 -o /domus/h1/pcr98/GenomeAnalysis/GenomeAnalysis/output/functann/D1/D1.11.fa.emapper.hits  --sensitive -e 0.001 --max-target-seqs 0 --max-hsps 0  --outfmt 6 qseqid sseqid pident length mismatch gapopen qstart qend sstart send evalue bitscore qcovhsp scovhsp[0m
[1;32mDecorating gff file /domus/h1/pcr98/GenomeAnalysis/GenomeAnalysis/output/functann/D1/D1.11.fa.emapper.gff...[0m
Parsing fasta file /domus/h1/pcr98/GenomeAnalysis/GenomeAnalysis/output/binning/D1/D1.11.fa...
Fasta file /domus/h1/pcr98/GenomeAnalysis/GenomeAnalysis/output/binning/D1/D1.11.fa parsing complete.
500 404.54630756378174 1.24 q/s (% mem usage: 20.00, % mem avail: 80.02)
1000 404.5889472961426 2.47 q/s (% mem usage: 20.00, % mem avail: 80.02)
1500 404.6220426559448 3.71 q/s (% mem usage: 20.00, % mem avail: 80.02)
1585 404.8374066352844 3.92 q/s (% mem usage: 20.00, % mem avail: 80.02)
[32mDone[0m
   /domus/h1/pcr98/GenomeAnalysis/GenomeAnalysis/output/functann/D1/D1.11.fa.emapper.genepred.fasta
   /domus/h1/pcr98/GenomeAnalysis/GenomeAnalysis/output/functann/D1/D1.11.fa.emapper.gff
   /domus/h1/pcr98/GenomeAnalysis/GenomeAnalysis/output/functann/D1/D1.11.fa.emapper.hits
   /domus/h1/pcr98/GenomeAnalysis/GenomeAnalysis/output/functann/D1/D1.11.fa.emapper.seed_orthologs
   /domus/h1/pcr98/GenomeAnalysis/GenomeAnalysis/output/functann/D1/D1.11.fa.emapper.annotations

================================================================================
CITATION:
If you use this software, please cite:

[1] eggNOG-mapper v2: functional annotation, orthology assignments, and domain 
      prediction at the metagenomic scale. Carlos P. Cantalapiedra, 
      Ana Hernandez-Plaza, Ivica Letunic, Peer Bork, Jaime Huerta-Cepas.
      biorxiv (2021). doi: https://doi.org/10.1101/2021.06.03.446934

[2] eggNOG 5.0: a hierarchical, functionally and phylogenetically annotated
      orthology resource based on 5090 organisms and 2502 viruses. Jaime
      Huerta-Cepas, Damian Szklarczyk, Davide Heller, Ana Hernandez-Plaza,
      Sofia K Forslund, Helen Cook, Daniel R Mende, Ivica Letunic, Thomas
      Rattei, Lars J Jensen, Christian von Mering and Peer Bork. Nucleic Acids
      Research, Volume 47, Issue D1, 8 January 2019, Pages D309-D314,
      https://doi.org/10.1093/nar/gky1085 

[3] Fast and Sensitive Protein Alignment using DIAMOND. Buchfink B, Xie C,
       Huson DH. 2015. Nat. Methods 12, 59–60. https://doi.org/10.1038/nmeth.3176

e.g. Functional annotation was performed using emapper-2.1.5-28cd3af [1]
 based on eggNOG orthology data [2]. Sequence searches were performed using [3].


================================================================================

Total hits processed: 1585
Total time: 12482 secs
FINISHED
D1.12.fa
[1;32mFunctional annotation of hits...[0m
0 7.915496826171875e-05 0.00 q/s (% mem usage: 13.90, % mem avail: 86.13)
#  emapper-2.1.5-28cd3af
# emapper.py  --itype metagenome -i D1.12.fa -o D1.12.fa --output_dir /domus/h1/pcr98/GenomeAnalysis/GenomeAnalysis/output/functann/D1
[1;33m  /sw/bioinfo/eggNOG-mapper/2.1.5/snowy/lib/python3.8/site-packages/eggnogmapper/bin/diamond blastx -d /crex/data/eggNOG_data/5.0/eggnog_proteins.dmnd -q /domus/h1/pcr98/GenomeAnalysis/GenomeAnalysis/output/binning/D1/D1.12.fa --threads 1 -o /domus/h1/pcr98/GenomeAnalysis/GenomeAnalysis/output/functann/D1/D1.12.fa.emapper.hits  --sensitive -e 0.001 --max-target-seqs 0 --max-hsps 0  --outfmt 6 qseqid sseqid pident length mismatch gapopen qstart qend sstart send evalue bitscore qcovhsp scovhsp[0m
[1;32mDecorating gff file /domus/h1/pcr98/GenomeAnalysis/GenomeAnalysis/output/functann/D1/D1.12.fa.emapper.gff...[0m
Parsing fasta file /domus/h1/pcr98/GenomeAnalysis/GenomeAnalysis/output/binning/D1/D1.12.fa...
Fasta file /domus/h1/pcr98/GenomeAnalysis/GenomeAnalysis/output/binning/D1/D1.12.fa parsing complete.
500 434.33655166625977 1.15 q/s (% mem usage: 21.20, % mem avail: 78.78)
1000 435.26819229125977 2.30 q/s (% mem usage: 21.20, % mem avail: 78.78)
1013 438.18355655670166 2.31 q/s (% mem usage: 21.20, % mem avail: 78.78)
[32mDone[0m
   /domus/h1/pcr98/GenomeAnalysis/GenomeAnalysis/output/functann/D1/D1.12.fa.emapper.genepred.fasta
   /domus/h1/pcr98/GenomeAnalysis/GenomeAnalysis/output/functann/D1/D1.12.fa.emapper.gff
   /domus/h1/pcr98/GenomeAnalysis/GenomeAnalysis/output/functann/D1/D1.12.fa.emapper.hits
   /domus/h1/pcr98/GenomeAnalysis/GenomeAnalysis/output/functann/D1/D1.12.fa.emapper.seed_orthologs
   /domus/h1/pcr98/GenomeAnalysis/GenomeAnalysis/output/functann/D1/D1.12.fa.emapper.annotations

================================================================================
CITATION:
If you use this software, please cite:

[1] eggNOG-mapper v2: functional annotation, orthology assignments, and domain 
      prediction at the metagenomic scale. Carlos P. Cantalapiedra, 
      Ana Hernandez-Plaza, Ivica Letunic, Peer Bork, Jaime Huerta-Cepas.
      biorxiv (2021). doi: https://doi.org/10.1101/2021.06.03.446934

[2] eggNOG 5.0: a hierarchical, functionally and phylogenetically annotated
      orthology resource based on 5090 organisms and 2502 viruses. Jaime
      Huerta-Cepas, Damian Szklarczyk, Davide Heller, Ana Hernandez-Plaza,
      Sofia K Forslund, Helen Cook, Daniel R Mende, Ivica Letunic, Thomas
      Rattei, Lars J Jensen, Christian von Mering and Peer Bork. Nucleic Acids
      Research, Volume 47, Issue D1, 8 January 2019, Pages D309-D314,
      https://doi.org/10.1093/nar/gky1085 

[3] Fast and Sensitive Protein Alignment using DIAMOND. Buchfink B, Xie C,
       Huson DH. 2015. Nat. Methods 12, 59–60. https://doi.org/10.1038/nmeth.3176

e.g. Functional annotation was performed using emapper-2.1.5-28cd3af [1]
 based on eggNOG orthology data [2]. Sequence searches were performed using [3].


================================================================================

Total hits processed: 1013
Total time: 11701 secs
FINISHED
D1.1.fa
slurmstepd: error: *** JOB 6129172 ON s22 CANCELLED AT 2022-04-14T10:59:12 DUE TO TIME LIMIT ***
