EggNOG data 5.0 available at /sw/data/uppnex/eggNOG/5.0
D1.10.fa
[1;32mFunctional annotation of hits...[0m
0 4.5299530029296875e-06 0.00 q/s (% mem usage: 14.90, % mem avail: 85.05)
#  emapper-2.1.5-28cd3af
# emapper.py  --itype metagenome -i D1.10.fa -o D1.10.fa --output_dir /domus/h1/pcr98/GenomeAnalysis/GenomeAnalysis/output/functann/D1
[1;33m  /sw/bioinfo/eggNOG-mapper/2.1.5/snowy/lib/python3.8/site-packages/eggnogmapper/bin/diamond blastx -d /crex/data/eggNOG_data/5.0/eggnog_proteins.dmnd -q /domus/h1/pcr98/GenomeAnalysis/GenomeAnalysis/output/binning/D1/D1.10.fa --threads 1 -o /domus/h1/pcr98/GenomeAnalysis/GenomeAnalysis/output/functann/D1/D1.10.fa.emapper.hits  --sensitive -e 0.001 --max-target-seqs 0 --max-hsps 0  --outfmt 6 qseqid sseqid pident length mismatch gapopen qstart qend sstart send evalue bitscore qcovhsp scovhsp[0m
[1;32mDecorating gff file /domus/h1/pcr98/GenomeAnalysis/GenomeAnalysis/output/functann/D1/D1.10.fa.emapper.gff...[0m
Parsing fasta file /domus/h1/pcr98/GenomeAnalysis/GenomeAnalysis/output/binning/D1/D1.10.fa...
Fasta file /domus/h1/pcr98/GenomeAnalysis/GenomeAnalysis/output/binning/D1/D1.10.fa parsing complete.
500 1258.081131219864 0.40 q/s (% mem usage: 24.00, % mem avail: 76.03)
772 1258.103788137436 0.61 q/s (% mem usage: 24.00, % mem avail: 76.03)
[32mDone[0m
   /domus/h1/pcr98/GenomeAnalysis/GenomeAnalysis/output/functann/D1/D1.10.fa.emapper.genepred.fasta
   /domus/h1/pcr98/GenomeAnalysis/GenomeAnalysis/output/functann/D1/D1.10.fa.emapper.gff
   /domus/h1/pcr98/GenomeAnalysis/GenomeAnalysis/output/functann/D1/D1.10.fa.emapper.hits
   /domus/h1/pcr98/GenomeAnalysis/GenomeAnalysis/output/functann/D1/D1.10.fa.emapper.seed_orthologs
   /domus/h1/pcr98/GenomeAnalysis/GenomeAnalysis/output/functann/D1/D1.10.fa.emapper.annotations

================================================================================
CITATION:
If you use this software, please cite:

[1] eggNOG-mapper v2: functional annotation, orthology assignments, and domain 
      prediction at the metagenomic scale. Carlos P. Cantalapiedra, 
      Ana Hernandez-Plaza, Ivica Letunic, Peer Bork, Jaime Huerta-Cepas.
      biorxiv (2021). doi: https://doi.org/10.1101/2021.06.03.446934

[2] eggNOG 5.0: a hierarchical, functionally and phylogenetically annotated
      orthology resource based on 5090 organisms and 2502 viruses. Jaime
      Huerta-Cepas, Damian Szklarczyk, Davide Heller, Ana Hernandez-Plaza,
      Sofia K Forslund, Helen Cook, Daniel R Mende, Ivica Letunic, Thomas
      Rattei, Lars J Jensen, Christian von Mering and Peer Bork. Nucleic Acids
      Research, Volume 47, Issue D1, 8 January 2019, Pages D309-D314,
      https://doi.org/10.1093/nar/gky1085 

[3] Fast and Sensitive Protein Alignment using DIAMOND. Buchfink B, Xie C,
       Huson DH. 2015. Nat. Methods 12, 59–60. https://doi.org/10.1038/nmeth.3176

e.g. Functional annotation was performed using emapper-2.1.5-28cd3af [1]
 based on eggNOG orthology data [2]. Sequence searches were performed using [3].


================================================================================

Total hits processed: 772
Total time: 8985 secs
FINISHED
D1.11.fa
[1;32mFunctional annotation of hits...[0m
0 3.0994415283203125e-06 0.00 q/s (% mem usage: 15.30, % mem avail: 84.68)
#  emapper-2.1.5-28cd3af
# emapper.py  --itype metagenome -i D1.11.fa -o D1.11.fa --output_dir /domus/h1/pcr98/GenomeAnalysis/GenomeAnalysis/output/functann/D1
[1;33m  /sw/bioinfo/eggNOG-mapper/2.1.5/snowy/lib/python3.8/site-packages/eggnogmapper/bin/diamond blastx -d /crex/data/eggNOG_data/5.0/eggnog_proteins.dmnd -q /domus/h1/pcr98/GenomeAnalysis/GenomeAnalysis/output/binning/D1/D1.11.fa --threads 1 -o /domus/h1/pcr98/GenomeAnalysis/GenomeAnalysis/output/functann/D1/D1.11.fa.emapper.hits  --sensitive -e 0.001 --max-target-seqs 0 --max-hsps 0  --outfmt 6 qseqid sseqid pident length mismatch gapopen qstart qend sstart send evalue bitscore qcovhsp scovhsp[0m
[1;32mDecorating gff file /domus/h1/pcr98/GenomeAnalysis/GenomeAnalysis/output/functann/D1/D1.11.fa.emapper.gff...[0m
Parsing fasta file /domus/h1/pcr98/GenomeAnalysis/GenomeAnalysis/output/binning/D1/D1.11.fa...
Fasta file /domus/h1/pcr98/GenomeAnalysis/GenomeAnalysis/output/binning/D1/D1.11.fa parsing complete.
500 266.0941483974457 1.88 q/s (% mem usage: 24.10, % mem avail: 75.86)
1000 266.11005902290344 3.76 q/s (% mem usage: 24.10, % mem avail: 75.86)
1500 266.1243226528168 5.64 q/s (% mem usage: 24.10, % mem avail: 75.86)
1585 266.15224051475525 5.96 q/s (% mem usage: 24.10, % mem avail: 75.86)
[32mDone[0m
   /domus/h1/pcr98/GenomeAnalysis/GenomeAnalysis/output/functann/D1/D1.11.fa.emapper.genepred.fasta
   /domus/h1/pcr98/GenomeAnalysis/GenomeAnalysis/output/functann/D1/D1.11.fa.emapper.gff
   /domus/h1/pcr98/GenomeAnalysis/GenomeAnalysis/output/functann/D1/D1.11.fa.emapper.hits
   /domus/h1/pcr98/GenomeAnalysis/GenomeAnalysis/output/functann/D1/D1.11.fa.emapper.seed_orthologs
   /domus/h1/pcr98/GenomeAnalysis/GenomeAnalysis/output/functann/D1/D1.11.fa.emapper.annotations

================================================================================
CITATION:
If you use this software, please cite:

[1] eggNOG-mapper v2: functional annotation, orthology assignments, and domain 
      prediction at the metagenomic scale. Carlos P. Cantalapiedra, 
      Ana Hernandez-Plaza, Ivica Letunic, Peer Bork, Jaime Huerta-Cepas.
      biorxiv (2021). doi: https://doi.org/10.1101/2021.06.03.446934

[2] eggNOG 5.0: a hierarchical, functionally and phylogenetically annotated
      orthology resource based on 5090 organisms and 2502 viruses. Jaime
      Huerta-Cepas, Damian Szklarczyk, Davide Heller, Ana Hernandez-Plaza,
      Sofia K Forslund, Helen Cook, Daniel R Mende, Ivica Letunic, Thomas
      Rattei, Lars J Jensen, Christian von Mering and Peer Bork. Nucleic Acids
      Research, Volume 47, Issue D1, 8 January 2019, Pages D309-D314,
      https://doi.org/10.1093/nar/gky1085 

[3] Fast and Sensitive Protein Alignment using DIAMOND. Buchfink B, Xie C,
       Huson DH. 2015. Nat. Methods 12, 59–60. https://doi.org/10.1038/nmeth.3176

e.g. Functional annotation was performed using emapper-2.1.5-28cd3af [1]
 based on eggNOG orthology data [2]. Sequence searches were performed using [3].


================================================================================

Total hits processed: 1585
Total time: 11684 secs
FINISHED
D1.12.fa
[1;32mFunctional annotation of hits...[0m
0 4.5299530029296875e-06 0.00 q/s (% mem usage: 15.50, % mem avail: 84.45)
#  emapper-2.1.5-28cd3af
# emapper.py  --itype metagenome -i D1.12.fa -o D1.12.fa --output_dir /domus/h1/pcr98/GenomeAnalysis/GenomeAnalysis/output/functann/D1
[1;33m  /sw/bioinfo/eggNOG-mapper/2.1.5/snowy/lib/python3.8/site-packages/eggnogmapper/bin/diamond blastx -d /crex/data/eggNOG_data/5.0/eggnog_proteins.dmnd -q /domus/h1/pcr98/GenomeAnalysis/GenomeAnalysis/output/binning/D1/D1.12.fa --threads 1 -o /domus/h1/pcr98/GenomeAnalysis/GenomeAnalysis/output/functann/D1/D1.12.fa.emapper.hits  --sensitive -e 0.001 --max-target-seqs 0 --max-hsps 0  --outfmt 6 qseqid sseqid pident length mismatch gapopen qstart qend sstart send evalue bitscore qcovhsp scovhsp[0m
[1;32mDecorating gff file /domus/h1/pcr98/GenomeAnalysis/GenomeAnalysis/output/functann/D1/D1.12.fa.emapper.gff...[0m
Parsing fasta file /domus/h1/pcr98/GenomeAnalysis/GenomeAnalysis/output/binning/D1/D1.12.fa...
Fasta file /domus/h1/pcr98/GenomeAnalysis/GenomeAnalysis/output/binning/D1/D1.12.fa parsing complete.
500 212.98072791099548 2.35 q/s (% mem usage: 24.20, % mem avail: 75.83)
1000 212.99562764167786 4.69 q/s (% mem usage: 24.20, % mem avail: 75.83)
1013 213.01164627075195 4.76 q/s (% mem usage: 24.20, % mem avail: 75.84)
[32mDone[0m
   /domus/h1/pcr98/GenomeAnalysis/GenomeAnalysis/output/functann/D1/D1.12.fa.emapper.genepred.fasta
   /domus/h1/pcr98/GenomeAnalysis/GenomeAnalysis/output/functann/D1/D1.12.fa.emapper.gff
   /domus/h1/pcr98/GenomeAnalysis/GenomeAnalysis/output/functann/D1/D1.12.fa.emapper.hits
   /domus/h1/pcr98/GenomeAnalysis/GenomeAnalysis/output/functann/D1/D1.12.fa.emapper.seed_orthologs
   /domus/h1/pcr98/GenomeAnalysis/GenomeAnalysis/output/functann/D1/D1.12.fa.emapper.annotations

================================================================================
CITATION:
If you use this software, please cite:

[1] eggNOG-mapper v2: functional annotation, orthology assignments, and domain 
      prediction at the metagenomic scale. Carlos P. Cantalapiedra, 
      Ana Hernandez-Plaza, Ivica Letunic, Peer Bork, Jaime Huerta-Cepas.
      biorxiv (2021). doi: https://doi.org/10.1101/2021.06.03.446934

[2] eggNOG 5.0: a hierarchical, functionally and phylogenetically annotated
      orthology resource based on 5090 organisms and 2502 viruses. Jaime
      Huerta-Cepas, Damian Szklarczyk, Davide Heller, Ana Hernandez-Plaza,
      Sofia K Forslund, Helen Cook, Daniel R Mende, Ivica Letunic, Thomas
      Rattei, Lars J Jensen, Christian von Mering and Peer Bork. Nucleic Acids
      Research, Volume 47, Issue D1, 8 January 2019, Pages D309-D314,
      https://doi.org/10.1093/nar/gky1085 

[3] Fast and Sensitive Protein Alignment using DIAMOND. Buchfink B, Xie C,
       Huson DH. 2015. Nat. Methods 12, 59–60. https://doi.org/10.1038/nmeth.3176

e.g. Functional annotation was performed using emapper-2.1.5-28cd3af [1]
 based on eggNOG orthology data [2]. Sequence searches were performed using [3].


================================================================================

Total hits processed: 1013
Total time: 10956 secs
FINISHED
D1.1.fa
[1;32mFunctional annotation of hits...[0m
0 3.0994415283203125e-06 0.00 q/s (% mem usage: 15.70, % mem avail: 84.35)
#  emapper-2.1.5-28cd3af
# emapper.py  --itype metagenome -i D1.1.fa -o D1.1.fa --output_dir /domus/h1/pcr98/GenomeAnalysis/GenomeAnalysis/output/functann/D1
[1;33m  /sw/bioinfo/eggNOG-mapper/2.1.5/snowy/lib/python3.8/site-packages/eggnogmapper/bin/diamond blastx -d /crex/data/eggNOG_data/5.0/eggnog_proteins.dmnd -q /domus/h1/pcr98/GenomeAnalysis/GenomeAnalysis/output/binning/D1/D1.1.fa --threads 1 -o /domus/h1/pcr98/GenomeAnalysis/GenomeAnalysis/output/functann/D1/D1.1.fa.emapper.hits  --sensitive -e 0.001 --max-target-seqs 0 --max-hsps 0  --outfmt 6 qseqid sseqid pident length mismatch gapopen qstart qend sstart send evalue bitscore qcovhsp scovhsp[0m
[1;32mDecorating gff file /domus/h1/pcr98/GenomeAnalysis/GenomeAnalysis/output/functann/D1/D1.1.fa.emapper.gff...[0m
Parsing fasta file /domus/h1/pcr98/GenomeAnalysis/GenomeAnalysis/output/binning/D1/D1.1.fa...
Fasta file /domus/h1/pcr98/GenomeAnalysis/GenomeAnalysis/output/binning/D1/D1.1.fa parsing complete.
197 100.05169463157654 1.97 q/s (% mem usage: 23.50, % mem avail: 76.51)
[32mDone[0m
   /domus/h1/pcr98/GenomeAnalysis/GenomeAnalysis/output/functann/D1/D1.1.fa.emapper.genepred.fasta
   /domus/h1/pcr98/GenomeAnalysis/GenomeAnalysis/output/functann/D1/D1.1.fa.emapper.gff
   /domus/h1/pcr98/GenomeAnalysis/GenomeAnalysis/output/functann/D1/D1.1.fa.emapper.hits
   /domus/h1/pcr98/GenomeAnalysis/GenomeAnalysis/output/functann/D1/D1.1.fa.emapper.seed_orthologs
   /domus/h1/pcr98/GenomeAnalysis/GenomeAnalysis/output/functann/D1/D1.1.fa.emapper.annotations

================================================================================
CITATION:
If you use this software, please cite:

[1] eggNOG-mapper v2: functional annotation, orthology assignments, and domain 
      prediction at the metagenomic scale. Carlos P. Cantalapiedra, 
      Ana Hernandez-Plaza, Ivica Letunic, Peer Bork, Jaime Huerta-Cepas.
      biorxiv (2021). doi: https://doi.org/10.1101/2021.06.03.446934

[2] eggNOG 5.0: a hierarchical, functionally and phylogenetically annotated
      orthology resource based on 5090 organisms and 2502 viruses. Jaime
      Huerta-Cepas, Damian Szklarczyk, Davide Heller, Ana Hernandez-Plaza,
      Sofia K Forslund, Helen Cook, Daniel R Mende, Ivica Letunic, Thomas
      Rattei, Lars J Jensen, Christian von Mering and Peer Bork. Nucleic Acids
      Research, Volume 47, Issue D1, 8 January 2019, Pages D309-D314,
      https://doi.org/10.1093/nar/gky1085 

[3] Fast and Sensitive Protein Alignment using DIAMOND. Buchfink B, Xie C,
       Huson DH. 2015. Nat. Methods 12, 59–60. https://doi.org/10.1038/nmeth.3176

e.g. Functional annotation was performed using emapper-2.1.5-28cd3af [1]
 based on eggNOG orthology data [2]. Sequence searches were performed using [3].


================================================================================

Total hits processed: 197
Total time: 5029 secs
FINISHED
D1.2.fa
[1;32mFunctional annotation of hits...[0m
0 4.291534423828125e-06 0.00 q/s (% mem usage: 25.20, % mem avail: 74.77)
#  emapper-2.1.5-28cd3af
# emapper.py  --itype metagenome -i D1.2.fa -o D1.2.fa --output_dir /domus/h1/pcr98/GenomeAnalysis/GenomeAnalysis/output/functann/D1
[1;33m  /sw/bioinfo/eggNOG-mapper/2.1.5/snowy/lib/python3.8/site-packages/eggnogmapper/bin/diamond blastx -d /crex/data/eggNOG_data/5.0/eggnog_proteins.dmnd -q /domus/h1/pcr98/GenomeAnalysis/GenomeAnalysis/output/binning/D1/D1.2.fa --threads 1 -o /domus/h1/pcr98/GenomeAnalysis/GenomeAnalysis/output/functann/D1/D1.2.fa.emapper.hits  --sensitive -e 0.001 --max-target-seqs 0 --max-hsps 0  --outfmt 6 qseqid sseqid pident length mismatch gapopen qstart qend sstart send evalue bitscore qcovhsp scovhsp[0m
[1;32mDecorating gff file /domus/h1/pcr98/GenomeAnalysis/GenomeAnalysis/output/functann/D1/D1.2.fa.emapper.gff...[0m
Parsing fasta file /domus/h1/pcr98/GenomeAnalysis/GenomeAnalysis/output/binning/D1/D1.2.fa...
Fasta file /domus/h1/pcr98/GenomeAnalysis/GenomeAnalysis/output/binning/D1/D1.2.fa parsing complete.
500 368.68963408470154 1.36 q/s (% mem usage: 26.40, % mem avail: 73.56)
935 368.74254870414734 2.54 q/s (% mem usage: 26.40, % mem avail: 73.56)
[32mDone[0m
   /domus/h1/pcr98/GenomeAnalysis/GenomeAnalysis/output/functann/D1/D1.2.fa.emapper.genepred.fasta
   /domus/h1/pcr98/GenomeAnalysis/GenomeAnalysis/output/functann/D1/D1.2.fa.emapper.gff
   /domus/h1/pcr98/GenomeAnalysis/GenomeAnalysis/output/functann/D1/D1.2.fa.emapper.hits
   /domus/h1/pcr98/GenomeAnalysis/GenomeAnalysis/output/functann/D1/D1.2.fa.emapper.seed_orthologs
   /domus/h1/pcr98/GenomeAnalysis/GenomeAnalysis/output/functann/D1/D1.2.fa.emapper.annotations

================================================================================
CITATION:
If you use this software, please cite:

[1] eggNOG-mapper v2: functional annotation, orthology assignments, and domain 
      prediction at the metagenomic scale. Carlos P. Cantalapiedra, 
      Ana Hernandez-Plaza, Ivica Letunic, Peer Bork, Jaime Huerta-Cepas.
      biorxiv (2021). doi: https://doi.org/10.1101/2021.06.03.446934

[2] eggNOG 5.0: a hierarchical, functionally and phylogenetically annotated
      orthology resource based on 5090 organisms and 2502 viruses. Jaime
      Huerta-Cepas, Damian Szklarczyk, Davide Heller, Ana Hernandez-Plaza,
      Sofia K Forslund, Helen Cook, Daniel R Mende, Ivica Letunic, Thomas
      Rattei, Lars J Jensen, Christian von Mering and Peer Bork. Nucleic Acids
      Research, Volume 47, Issue D1, 8 January 2019, Pages D309-D314,
      https://doi.org/10.1093/nar/gky1085 

[3] Fast and Sensitive Protein Alignment using DIAMOND. Buchfink B, Xie C,
       Huson DH. 2015. Nat. Methods 12, 59–60. https://doi.org/10.1038/nmeth.3176

e.g. Functional annotation was performed using emapper-2.1.5-28cd3af [1]
 based on eggNOG orthology data [2]. Sequence searches were performed using [3].


================================================================================

Total hits processed: 935
Total time: 8970 secs
FINISHED
D1.3.fa
[1;32mFunctional annotation of hits...[0m
0 3.5762786865234375e-06 0.00 q/s (% mem usage: 23.60, % mem avail: 76.43)
#  emapper-2.1.5-28cd3af
# emapper.py  --itype metagenome -i D1.3.fa -o D1.3.fa --output_dir /domus/h1/pcr98/GenomeAnalysis/GenomeAnalysis/output/functann/D1
[1;33m  /sw/bioinfo/eggNOG-mapper/2.1.5/snowy/lib/python3.8/site-packages/eggnogmapper/bin/diamond blastx -d /crex/data/eggNOG_data/5.0/eggnog_proteins.dmnd -q /domus/h1/pcr98/GenomeAnalysis/GenomeAnalysis/output/binning/D1/D1.3.fa --threads 1 -o /domus/h1/pcr98/GenomeAnalysis/GenomeAnalysis/output/functann/D1/D1.3.fa.emapper.hits  --sensitive -e 0.001 --max-target-seqs 0 --max-hsps 0  --outfmt 6 qseqid sseqid pident length mismatch gapopen qstart qend sstart send evalue bitscore qcovhsp scovhsp[0m
[1;32mDecorating gff file /domus/h1/pcr98/GenomeAnalysis/GenomeAnalysis/output/functann/D1/D1.3.fa.emapper.gff...[0m
Parsing fasta file /domus/h1/pcr98/GenomeAnalysis/GenomeAnalysis/output/binning/D1/D1.3.fa...
Fasta file /domus/h1/pcr98/GenomeAnalysis/GenomeAnalysis/output/binning/D1/D1.3.fa parsing complete.
500 227.07039213180542 2.20 q/s (% mem usage: 25.50, % mem avail: 74.51)
1000 227.0843231678009 4.40 q/s (% mem usage: 25.50, % mem avail: 74.51)
1500 227.09760332107544 6.61 q/s (% mem usage: 25.50, % mem avail: 74.51)
2000 227.10977578163147 8.81 q/s (% mem usage: 25.50, % mem avail: 74.51)
2128 227.13451981544495 9.37 q/s (% mem usage: 25.50, % mem avail: 74.51)
[32mDone[0m
   /domus/h1/pcr98/GenomeAnalysis/GenomeAnalysis/output/functann/D1/D1.3.fa.emapper.genepred.fasta
   /domus/h1/pcr98/GenomeAnalysis/GenomeAnalysis/output/functann/D1/D1.3.fa.emapper.gff
   /domus/h1/pcr98/GenomeAnalysis/GenomeAnalysis/output/functann/D1/D1.3.fa.emapper.hits
   /domus/h1/pcr98/GenomeAnalysis/GenomeAnalysis/output/functann/D1/D1.3.fa.emapper.seed_orthologs
   /domus/h1/pcr98/GenomeAnalysis/GenomeAnalysis/output/functann/D1/D1.3.fa.emapper.annotations

================================================================================
CITATION:
If you use this software, please cite:

[1] eggNOG-mapper v2: functional annotation, orthology assignments, and domain 
      prediction at the metagenomic scale. Carlos P. Cantalapiedra, 
      Ana Hernandez-Plaza, Ivica Letunic, Peer Bork, Jaime Huerta-Cepas.
      biorxiv (2021). doi: https://doi.org/10.1101/2021.06.03.446934

[2] eggNOG 5.0: a hierarchical, functionally and phylogenetically annotated
      orthology resource based on 5090 organisms and 2502 viruses. Jaime
      Huerta-Cepas, Damian Szklarczyk, Davide Heller, Ana Hernandez-Plaza,
      Sofia K Forslund, Helen Cook, Daniel R Mende, Ivica Letunic, Thomas
      Rattei, Lars J Jensen, Christian von Mering and Peer Bork. Nucleic Acids
      Research, Volume 47, Issue D1, 8 January 2019, Pages D309-D314,
      https://doi.org/10.1093/nar/gky1085 

[3] Fast and Sensitive Protein Alignment using DIAMOND. Buchfink B, Xie C,
       Huson DH. 2015. Nat. Methods 12, 59–60. https://doi.org/10.1038/nmeth.3176

e.g. Functional annotation was performed using emapper-2.1.5-28cd3af [1]
 based on eggNOG orthology data [2]. Sequence searches were performed using [3].


================================================================================

Total hits processed: 2128
Total time: 11834 secs
FINISHED
D1.4.fa
[1;32mFunctional annotation of hits...[0m
0 4.291534423828125e-06 0.00 q/s (% mem usage: 24.20, % mem avail: 75.79)
#  emapper-2.1.5-28cd3af
# emapper.py  --itype metagenome -i D1.4.fa -o D1.4.fa --output_dir /domus/h1/pcr98/GenomeAnalysis/GenomeAnalysis/output/functann/D1
[1;33m  /sw/bioinfo/eggNOG-mapper/2.1.5/snowy/lib/python3.8/site-packages/eggnogmapper/bin/diamond blastx -d /crex/data/eggNOG_data/5.0/eggnog_proteins.dmnd -q /domus/h1/pcr98/GenomeAnalysis/GenomeAnalysis/output/binning/D1/D1.4.fa --threads 1 -o /domus/h1/pcr98/GenomeAnalysis/GenomeAnalysis/output/functann/D1/D1.4.fa.emapper.hits  --sensitive -e 0.001 --max-target-seqs 0 --max-hsps 0  --outfmt 6 qseqid sseqid pident length mismatch gapopen qstart qend sstart send evalue bitscore qcovhsp scovhsp[0m
[1;32mDecorating gff file /domus/h1/pcr98/GenomeAnalysis/GenomeAnalysis/output/functann/D1/D1.4.fa.emapper.gff...[0m
Parsing fasta file /domus/h1/pcr98/GenomeAnalysis/GenomeAnalysis/output/binning/D1/D1.4.fa...
Fasta file /domus/h1/pcr98/GenomeAnalysis/GenomeAnalysis/output/binning/D1/D1.4.fa parsing complete.
500 995.5683445930481 0.50 q/s (% mem usage: 25.10, % mem avail: 74.91)
1000 995.5857169628143 1.00 q/s (% mem usage: 25.10, % mem avail: 74.91)
1500 995.6016294956207 1.51 q/s (% mem usage: 25.10, % mem avail: 74.91)
2000 995.6191205978394 2.01 q/s (% mem usage: 25.10, % mem avail: 74.91)
2500 995.6348478794098 2.51 q/s (% mem usage: 25.10, % mem avail: 74.91)
3000 995.651153087616 3.01 q/s (% mem usage: 25.10, % mem avail: 74.91)
3500 995.6676256656647 3.52 q/s (% mem usage: 25.10, % mem avail: 74.91)
4000 995.6837875843048 4.02 q/s (% mem usage: 25.10, % mem avail: 74.91)
4500 995.6996710300446 4.52 q/s (% mem usage: 25.10, % mem avail: 74.91)
5000 995.7154839038849 5.02 q/s (% mem usage: 25.10, % mem avail: 74.91)
5500 995.7309217453003 5.52 q/s (% mem usage: 25.10, % mem avail: 74.91)
6000 995.7471923828125 6.03 q/s (% mem usage: 25.10, % mem avail: 74.91)
6146 995.9269678592682 6.17 q/s (% mem usage: 25.10, % mem avail: 74.94)
[32mDone[0m
   /domus/h1/pcr98/GenomeAnalysis/GenomeAnalysis/output/functann/D1/D1.4.fa.emapper.genepred.fasta
   /domus/h1/pcr98/GenomeAnalysis/GenomeAnalysis/output/functann/D1/D1.4.fa.emapper.gff
   /domus/h1/pcr98/GenomeAnalysis/GenomeAnalysis/output/functann/D1/D1.4.fa.emapper.hits
   /domus/h1/pcr98/GenomeAnalysis/GenomeAnalysis/output/functann/D1/D1.4.fa.emapper.seed_orthologs
   /domus/h1/pcr98/GenomeAnalysis/GenomeAnalysis/output/functann/D1/D1.4.fa.emapper.annotations

================================================================================
CITATION:
If you use this software, please cite:

[1] eggNOG-mapper v2: functional annotation, orthology assignments, and domain 
      prediction at the metagenomic scale. Carlos P. Cantalapiedra, 
      Ana Hernandez-Plaza, Ivica Letunic, Peer Bork, Jaime Huerta-Cepas.
      biorxiv (2021). doi: https://doi.org/10.1101/2021.06.03.446934

[2] eggNOG 5.0: a hierarchical, functionally and phylogenetically annotated
      orthology resource based on 5090 organisms and 2502 viruses. Jaime
      Huerta-Cepas, Damian Szklarczyk, Davide Heller, Ana Hernandez-Plaza,
      Sofia K Forslund, Helen Cook, Daniel R Mende, Ivica Letunic, Thomas
      Rattei, Lars J Jensen, Christian von Mering and Peer Bork. Nucleic Acids
      Research, Volume 47, Issue D1, 8 January 2019, Pages D309-D314,
      https://doi.org/10.1093/nar/gky1085 

[3] Fast and Sensitive Protein Alignment using DIAMOND. Buchfink B, Xie C,
       Huson DH. 2015. Nat. Methods 12, 59–60. https://doi.org/10.1038/nmeth.3176

e.g. Functional annotation was performed using emapper-2.1.5-28cd3af [1]
 based on eggNOG orthology data [2]. Sequence searches were performed using [3].


================================================================================

Total hits processed: 6146
Total time: 20012 secs
FINISHED
D1.5.fa
[1;32mFunctional annotation of hits...[0m
0 2.86102294921875e-06 0.00 q/s (% mem usage: 24.90, % mem avail: 75.13)
#  emapper-2.1.5-28cd3af
# emapper.py  --itype metagenome -i D1.5.fa -o D1.5.fa --output_dir /domus/h1/pcr98/GenomeAnalysis/GenomeAnalysis/output/functann/D1
[1;33m  /sw/bioinfo/eggNOG-mapper/2.1.5/snowy/lib/python3.8/site-packages/eggnogmapper/bin/diamond blastx -d /crex/data/eggNOG_data/5.0/eggnog_proteins.dmnd -q /domus/h1/pcr98/GenomeAnalysis/GenomeAnalysis/output/binning/D1/D1.5.fa --threads 1 -o /domus/h1/pcr98/GenomeAnalysis/GenomeAnalysis/output/functann/D1/D1.5.fa.emapper.hits  --sensitive -e 0.001 --max-target-seqs 0 --max-hsps 0  --outfmt 6 qseqid sseqid pident length mismatch gapopen qstart qend sstart send evalue bitscore qcovhsp scovhsp[0m
[1;32mDecorating gff file /domus/h1/pcr98/GenomeAnalysis/GenomeAnalysis/output/functann/D1/D1.5.fa.emapper.gff...[0m
Parsing fasta file /domus/h1/pcr98/GenomeAnalysis/GenomeAnalysis/output/binning/D1/D1.5.fa...
Fasta file /domus/h1/pcr98/GenomeAnalysis/GenomeAnalysis/output/binning/D1/D1.5.fa parsing complete.
500 362.8630156517029 1.38 q/s (% mem usage: 25.00, % mem avail: 75.01)
1000 362.87805008888245 2.76 q/s (% mem usage: 25.00, % mem avail: 75.01)
1447 362.9233889579773 3.99 q/s (% mem usage: 25.00, % mem avail: 75.01)
[32mDone[0m
   /domus/h1/pcr98/GenomeAnalysis/GenomeAnalysis/output/functann/D1/D1.5.fa.emapper.genepred.fasta
   /domus/h1/pcr98/GenomeAnalysis/GenomeAnalysis/output/functann/D1/D1.5.fa.emapper.gff
   /domus/h1/pcr98/GenomeAnalysis/GenomeAnalysis/output/functann/D1/D1.5.fa.emapper.hits
   /domus/h1/pcr98/GenomeAnalysis/GenomeAnalysis/output/functann/D1/D1.5.fa.emapper.seed_orthologs
   /domus/h1/pcr98/GenomeAnalysis/GenomeAnalysis/output/functann/D1/D1.5.fa.emapper.annotations

================================================================================
CITATION:
If you use this software, please cite:

[1] eggNOG-mapper v2: functional annotation, orthology assignments, and domain 
      prediction at the metagenomic scale. Carlos P. Cantalapiedra, 
      Ana Hernandez-Plaza, Ivica Letunic, Peer Bork, Jaime Huerta-Cepas.
      biorxiv (2021). doi: https://doi.org/10.1101/2021.06.03.446934

[2] eggNOG 5.0: a hierarchical, functionally and phylogenetically annotated
      orthology resource based on 5090 organisms and 2502 viruses. Jaime
      Huerta-Cepas, Damian Szklarczyk, Davide Heller, Ana Hernandez-Plaza,
      Sofia K Forslund, Helen Cook, Daniel R Mende, Ivica Letunic, Thomas
      Rattei, Lars J Jensen, Christian von Mering and Peer Bork. Nucleic Acids
      Research, Volume 47, Issue D1, 8 January 2019, Pages D309-D314,
      https://doi.org/10.1093/nar/gky1085 

[3] Fast and Sensitive Protein Alignment using DIAMOND. Buchfink B, Xie C,
       Huson DH. 2015. Nat. Methods 12, 59–60. https://doi.org/10.1038/nmeth.3176

e.g. Functional annotation was performed using emapper-2.1.5-28cd3af [1]
 based on eggNOG orthology data [2]. Sequence searches were performed using [3].


================================================================================

Total hits processed: 1447
Total time: 10901 secs
FINISHED
D1.6.fa
[1;32mFunctional annotation of hits...[0m
0 4.5299530029296875e-06 0.00 q/s (% mem usage: 23.40, % mem avail: 76.63)
#  emapper-2.1.5-28cd3af
# emapper.py  --itype metagenome -i D1.6.fa -o D1.6.fa --output_dir /domus/h1/pcr98/GenomeAnalysis/GenomeAnalysis/output/functann/D1
[1;33m  /sw/bioinfo/eggNOG-mapper/2.1.5/snowy/lib/python3.8/site-packages/eggnogmapper/bin/diamond blastx -d /crex/data/eggNOG_data/5.0/eggnog_proteins.dmnd -q /domus/h1/pcr98/GenomeAnalysis/GenomeAnalysis/output/binning/D1/D1.6.fa --threads 1 -o /domus/h1/pcr98/GenomeAnalysis/GenomeAnalysis/output/functann/D1/D1.6.fa.emapper.hits  --sensitive -e 0.001 --max-target-seqs 0 --max-hsps 0  --outfmt 6 qseqid sseqid pident length mismatch gapopen qstart qend sstart send evalue bitscore qcovhsp scovhsp[0m
[1;32mDecorating gff file /domus/h1/pcr98/GenomeAnalysis/GenomeAnalysis/output/functann/D1/D1.6.fa.emapper.gff...[0m
Parsing fasta file /domus/h1/pcr98/GenomeAnalysis/GenomeAnalysis/output/binning/D1/D1.6.fa...
Fasta file /domus/h1/pcr98/GenomeAnalysis/GenomeAnalysis/output/binning/D1/D1.6.fa parsing complete.
500 179.78530073165894 2.78 q/s (% mem usage: 25.80, % mem avail: 74.17)
777 179.80821681022644 4.32 q/s (% mem usage: 25.80, % mem avail: 74.18)
[32mDone[0m
   /domus/h1/pcr98/GenomeAnalysis/GenomeAnalysis/output/functann/D1/D1.6.fa.emapper.genepred.fasta
   /domus/h1/pcr98/GenomeAnalysis/GenomeAnalysis/output/functann/D1/D1.6.fa.emapper.gff
   /domus/h1/pcr98/GenomeAnalysis/GenomeAnalysis/output/functann/D1/D1.6.fa.emapper.hits
   /domus/h1/pcr98/GenomeAnalysis/GenomeAnalysis/output/functann/D1/D1.6.fa.emapper.seed_orthologs
   /domus/h1/pcr98/GenomeAnalysis/GenomeAnalysis/output/functann/D1/D1.6.fa.emapper.annotations

================================================================================
CITATION:
If you use this software, please cite:

[1] eggNOG-mapper v2: functional annotation, orthology assignments, and domain 
      prediction at the metagenomic scale. Carlos P. Cantalapiedra, 
      Ana Hernandez-Plaza, Ivica Letunic, Peer Bork, Jaime Huerta-Cepas.
      biorxiv (2021). doi: https://doi.org/10.1101/2021.06.03.446934

[2] eggNOG 5.0: a hierarchical, functionally and phylogenetically annotated
      orthology resource based on 5090 organisms and 2502 viruses. Jaime
      Huerta-Cepas, Damian Szklarczyk, Davide Heller, Ana Hernandez-Plaza,
      Sofia K Forslund, Helen Cook, Daniel R Mende, Ivica Letunic, Thomas
      Rattei, Lars J Jensen, Christian von Mering and Peer Bork. Nucleic Acids
      Research, Volume 47, Issue D1, 8 January 2019, Pages D309-D314,
      https://doi.org/10.1093/nar/gky1085 

[3] Fast and Sensitive Protein Alignment using DIAMOND. Buchfink B, Xie C,
       Huson DH. 2015. Nat. Methods 12, 59–60. https://doi.org/10.1038/nmeth.3176

e.g. Functional annotation was performed using emapper-2.1.5-28cd3af [1]
 based on eggNOG orthology data [2]. Sequence searches were performed using [3].


================================================================================

Total hits processed: 777
Total time: 7293 secs
FINISHED
D1.7.fa
[1;32mFunctional annotation of hits...[0m
0 4.0531158447265625e-06 0.00 q/s (% mem usage: 24.80, % mem avail: 75.15)
#  emapper-2.1.5-28cd3af
# emapper.py  --itype metagenome -i D1.7.fa -o D1.7.fa --output_dir /domus/h1/pcr98/GenomeAnalysis/GenomeAnalysis/output/functann/D1
[1;33m  /sw/bioinfo/eggNOG-mapper/2.1.5/snowy/lib/python3.8/site-packages/eggnogmapper/bin/diamond blastx -d /crex/data/eggNOG_data/5.0/eggnog_proteins.dmnd -q /domus/h1/pcr98/GenomeAnalysis/GenomeAnalysis/output/binning/D1/D1.7.fa --threads 1 -o /domus/h1/pcr98/GenomeAnalysis/GenomeAnalysis/output/functann/D1/D1.7.fa.emapper.hits  --sensitive -e 0.001 --max-target-seqs 0 --max-hsps 0  --outfmt 6 qseqid sseqid pident length mismatch gapopen qstart qend sstart send evalue bitscore qcovhsp scovhsp[0m
[1;32mDecorating gff file /domus/h1/pcr98/GenomeAnalysis/GenomeAnalysis/output/functann/D1/D1.7.fa.emapper.gff...[0m
Parsing fasta file /domus/h1/pcr98/GenomeAnalysis/GenomeAnalysis/output/binning/D1/D1.7.fa...
Fasta file /domus/h1/pcr98/GenomeAnalysis/GenomeAnalysis/output/binning/D1/D1.7.fa parsing complete.
500 305.0953736305237 1.64 q/s (% mem usage: 25.30, % mem avail: 74.74)
1000 305.11331701278687 3.28 q/s (% mem usage: 25.30, % mem avail: 74.73)
1213 305.1735055446625 3.97 q/s (% mem usage: 25.30, % mem avail: 74.74)
[32mDone[0m
   /domus/h1/pcr98/GenomeAnalysis/GenomeAnalysis/output/functann/D1/D1.7.fa.emapper.genepred.fasta
   /domus/h1/pcr98/GenomeAnalysis/GenomeAnalysis/output/functann/D1/D1.7.fa.emapper.gff
   /domus/h1/pcr98/GenomeAnalysis/GenomeAnalysis/output/functann/D1/D1.7.fa.emapper.hits
   /domus/h1/pcr98/GenomeAnalysis/GenomeAnalysis/output/functann/D1/D1.7.fa.emapper.seed_orthologs
   /domus/h1/pcr98/GenomeAnalysis/GenomeAnalysis/output/functann/D1/D1.7.fa.emapper.annotations

================================================================================
CITATION:
If you use this software, please cite:

[1] eggNOG-mapper v2: functional annotation, orthology assignments, and domain 
      prediction at the metagenomic scale. Carlos P. Cantalapiedra, 
      Ana Hernandez-Plaza, Ivica Letunic, Peer Bork, Jaime Huerta-Cepas.
      biorxiv (2021). doi: https://doi.org/10.1101/2021.06.03.446934

[2] eggNOG 5.0: a hierarchical, functionally and phylogenetically annotated
      orthology resource based on 5090 organisms and 2502 viruses. Jaime
      Huerta-Cepas, Damian Szklarczyk, Davide Heller, Ana Hernandez-Plaza,
      Sofia K Forslund, Helen Cook, Daniel R Mende, Ivica Letunic, Thomas
      Rattei, Lars J Jensen, Christian von Mering and Peer Bork. Nucleic Acids
      Research, Volume 47, Issue D1, 8 January 2019, Pages D309-D314,
      https://doi.org/10.1093/nar/gky1085 

[3] Fast and Sensitive Protein Alignment using DIAMOND. Buchfink B, Xie C,
       Huson DH. 2015. Nat. Methods 12, 59–60. https://doi.org/10.1038/nmeth.3176

e.g. Functional annotation was performed using emapper-2.1.5-28cd3af [1]
 based on eggNOG orthology data [2]. Sequence searches were performed using [3].


================================================================================

Total hits processed: 1213
Total time: 8695 secs
FINISHED
D1.8.fa
[1;32mFunctional annotation of hits...[0m
0 4.291534423828125e-06 0.00 q/s (% mem usage: 22.80, % mem avail: 77.19)
#  emapper-2.1.5-28cd3af
# emapper.py  --itype metagenome -i D1.8.fa -o D1.8.fa --output_dir /domus/h1/pcr98/GenomeAnalysis/GenomeAnalysis/output/functann/D1
[1;33m  /sw/bioinfo/eggNOG-mapper/2.1.5/snowy/lib/python3.8/site-packages/eggnogmapper/bin/diamond blastx -d /crex/data/eggNOG_data/5.0/eggnog_proteins.dmnd -q /domus/h1/pcr98/GenomeAnalysis/GenomeAnalysis/output/binning/D1/D1.8.fa --threads 1 -o /domus/h1/pcr98/GenomeAnalysis/GenomeAnalysis/output/functann/D1/D1.8.fa.emapper.hits  --sensitive -e 0.001 --max-target-seqs 0 --max-hsps 0  --outfmt 6 qseqid sseqid pident length mismatch gapopen qstart qend sstart send evalue bitscore qcovhsp scovhsp[0m
[1;32mDecorating gff file /domus/h1/pcr98/GenomeAnalysis/GenomeAnalysis/output/functann/D1/D1.8.fa.emapper.gff...[0m
Parsing fasta file /domus/h1/pcr98/GenomeAnalysis/GenomeAnalysis/output/binning/D1/D1.8.fa...
Fasta file /domus/h1/pcr98/GenomeAnalysis/GenomeAnalysis/output/binning/D1/D1.8.fa parsing complete.
500 219.15341520309448 2.28 q/s (% mem usage: 26.30, % mem avail: 73.74)
1000 219.16762685775757 4.56 q/s (% mem usage: 26.30, % mem avail: 73.74)
1500 219.18056225776672 6.84 q/s (% mem usage: 26.30, % mem avail: 73.74)
2000 219.1930513381958 9.12 q/s (% mem usage: 26.30, % mem avail: 73.74)
2500 219.20573043823242 11.40 q/s (% mem usage: 26.30, % mem avail: 73.74)
3000 219.21905207633972 13.68 q/s (% mem usage: 26.30, % mem avail: 73.74)
3392 219.2550711631775 15.47 q/s (% mem usage: 26.30, % mem avail: 73.74)
[32mDone[0m
   /domus/h1/pcr98/GenomeAnalysis/GenomeAnalysis/output/functann/D1/D1.8.fa.emapper.genepred.fasta
   /domus/h1/pcr98/GenomeAnalysis/GenomeAnalysis/output/functann/D1/D1.8.fa.emapper.gff
   /domus/h1/pcr98/GenomeAnalysis/GenomeAnalysis/output/functann/D1/D1.8.fa.emapper.hits
   /domus/h1/pcr98/GenomeAnalysis/GenomeAnalysis/output/functann/D1/D1.8.fa.emapper.seed_orthologs
   /domus/h1/pcr98/GenomeAnalysis/GenomeAnalysis/output/functann/D1/D1.8.fa.emapper.annotations

================================================================================
CITATION:
If you use this software, please cite:

[1] eggNOG-mapper v2: functional annotation, orthology assignments, and domain 
      prediction at the metagenomic scale. Carlos P. Cantalapiedra, 
      Ana Hernandez-Plaza, Ivica Letunic, Peer Bork, Jaime Huerta-Cepas.
      biorxiv (2021). doi: https://doi.org/10.1101/2021.06.03.446934

[2] eggNOG 5.0: a hierarchical, functionally and phylogenetically annotated
      orthology resource based on 5090 organisms and 2502 viruses. Jaime
      Huerta-Cepas, Damian Szklarczyk, Davide Heller, Ana Hernandez-Plaza,
      Sofia K Forslund, Helen Cook, Daniel R Mende, Ivica Letunic, Thomas
      Rattei, Lars J Jensen, Christian von Mering and Peer Bork. Nucleic Acids
      Research, Volume 47, Issue D1, 8 January 2019, Pages D309-D314,
      https://doi.org/10.1093/nar/gky1085 

[3] Fast and Sensitive Protein Alignment using DIAMOND. Buchfink B, Xie C,
       Huson DH. 2015. Nat. Methods 12, 59–60. https://doi.org/10.1038/nmeth.3176

e.g. Functional annotation was performed using emapper-2.1.5-28cd3af [1]
 based on eggNOG orthology data [2]. Sequence searches were performed using [3].


================================================================================

Total hits processed: 3392
Total time: 13826 secs
FINISHED
D1.9.fa
[1;32mFunctional annotation of hits...[0m
0 4.291534423828125e-06 0.00 q/s (% mem usage: 23.30, % mem avail: 76.69)
#  emapper-2.1.5-28cd3af
# emapper.py  --itype metagenome -i D1.9.fa -o D1.9.fa --output_dir /domus/h1/pcr98/GenomeAnalysis/GenomeAnalysis/output/functann/D1
[1;33m  /sw/bioinfo/eggNOG-mapper/2.1.5/snowy/lib/python3.8/site-packages/eggnogmapper/bin/diamond blastx -d /crex/data/eggNOG_data/5.0/eggnog_proteins.dmnd -q /domus/h1/pcr98/GenomeAnalysis/GenomeAnalysis/output/binning/D1/D1.9.fa --threads 1 -o /domus/h1/pcr98/GenomeAnalysis/GenomeAnalysis/output/functann/D1/D1.9.fa.emapper.hits  --sensitive -e 0.001 --max-target-seqs 0 --max-hsps 0  --outfmt 6 qseqid sseqid pident length mismatch gapopen qstart qend sstart send evalue bitscore qcovhsp scovhsp[0m
[1;32mDecorating gff file /domus/h1/pcr98/GenomeAnalysis/GenomeAnalysis/output/functann/D1/D1.9.fa.emapper.gff...[0m
Parsing fasta file /domus/h1/pcr98/GenomeAnalysis/GenomeAnalysis/output/binning/D1/D1.9.fa...
Fasta file /domus/h1/pcr98/GenomeAnalysis/GenomeAnalysis/output/binning/D1/D1.9.fa parsing complete.
434 145.79519701004028 2.98 q/s (% mem usage: 25.60, % mem avail: 74.44)
[32mDone[0m
   /domus/h1/pcr98/GenomeAnalysis/GenomeAnalysis/output/functann/D1/D1.9.fa.emapper.genepred.fasta
   /domus/h1/pcr98/GenomeAnalysis/GenomeAnalysis/output/functann/D1/D1.9.fa.emapper.gff
   /domus/h1/pcr98/GenomeAnalysis/GenomeAnalysis/output/functann/D1/D1.9.fa.emapper.hits
   /domus/h1/pcr98/GenomeAnalysis/GenomeAnalysis/output/functann/D1/D1.9.fa.emapper.seed_orthologs
   /domus/h1/pcr98/GenomeAnalysis/GenomeAnalysis/output/functann/D1/D1.9.fa.emapper.annotations

================================================================================
CITATION:
If you use this software, please cite:

[1] eggNOG-mapper v2: functional annotation, orthology assignments, and domain 
      prediction at the metagenomic scale. Carlos P. Cantalapiedra, 
      Ana Hernandez-Plaza, Ivica Letunic, Peer Bork, Jaime Huerta-Cepas.
      biorxiv (2021). doi: https://doi.org/10.1101/2021.06.03.446934

[2] eggNOG 5.0: a hierarchical, functionally and phylogenetically annotated
      orthology resource based on 5090 organisms and 2502 viruses. Jaime
      Huerta-Cepas, Damian Szklarczyk, Davide Heller, Ana Hernandez-Plaza,
      Sofia K Forslund, Helen Cook, Daniel R Mende, Ivica Letunic, Thomas
      Rattei, Lars J Jensen, Christian von Mering and Peer Bork. Nucleic Acids
      Research, Volume 47, Issue D1, 8 January 2019, Pages D309-D314,
      https://doi.org/10.1093/nar/gky1085 

[3] Fast and Sensitive Protein Alignment using DIAMOND. Buchfink B, Xie C,
       Huson DH. 2015. Nat. Methods 12, 59–60. https://doi.org/10.1038/nmeth.3176

e.g. Functional annotation was performed using emapper-2.1.5-28cd3af [1]
 based on eggNOG orthology data [2]. Sequence searches were performed using [3].


================================================================================

Total hits processed: 434
Total time: 7297 secs
FINISHED
emappertmp_dmdn_polvoc7o
usage: emapper.py [-h] [-v] [--list_taxa] [--cpu NUM_CPU] [--resume]
                  [--override] [-i FASTA_FILE]
                  [--itype {CDS,proteins,genome,metagenome}] [--translate]
                  [--annotate_hits_table SEED_ORTHOLOGS_FILE] [-c FILE]
                  [--data_dir DIR] [--genepred {search,prodigal}]
                  [--trans_table TRANS_TABLE_CODE] [--training_genome FILE]
                  [--training_file FILE]
                  [--allow_overlaps {none,strand,diff_frame,all}]
                  [--overlap_tol FLOAT]
                  [-m {diamond,mmseqs,hmmer,no_search,cache}]
                  [--pident PIDENT] [--query_cover QUERY_COVER]
                  [--subject_cover SUBJECT_COVER] [--evalue EVALUE]
                  [--score SCORE] [--dmnd_db DMND_DB_FILE]
                  [--sensmode {default,fast,mid-sensitive,sensitive,more-sensitive,very-sensitive,ultra-sensitive}]
                  [--dmnd_iterate]
                  [--matrix {BLOSUM62,BLOSUM90,BLOSUM80,BLOSUM50,BLOSUM45,PAM250,PAM70,PAM30}]
                  [--dmnd_frameshift DMND_FRAMESHIFT] [--gapopen GAPOPEN]
                  [--gapextend GAPEXTEND] [--block_size BLOCK_SIZE]
                  [--index_chunks CHUNKS] [--outfmt_short]
                  [--mmseqs_db MMSEQS_DB_FILE] [--start_sens START_SENS]
                  [--sens_steps SENS_STEPS] [--final_sens FINAL_SENS]
                  [--mmseqs_sub_mat SUBS_MATRIX] [-d HMMER_DB_PREFIX]
                  [--servers_list FILE] [--qtype {hmm,seq}]
                  [--dbtype {hmmdb,seqdb}] [--usemem] [-p PORT]
                  [--end_port PORT] [--num_servers NUM_SERVERS]
                  [--num_workers NUM_WORKERS] [--hmm_maxhits MAXHITS]
                  [--report_no_hits] [--hmm_maxseqlen MAXSEQLEN] [--Z DB_SIZE]
                  [--cut_ga]
                  [--clean_overlaps none|all|clans|hmmsearch_all|hmmsearch_clans]
                  [--no_annot] [--dbmem] [--seed_ortholog_evalue MIN_E-VALUE]
                  [--seed_ortholog_score MIN_SCORE] [--tax_scope TAX_SCOPE]
                  [--tax_scope_mode TAX_SCOPE_MODE]
                  [--target_orthologs {one2one,many2one,one2many,many2many,all}]
                  [--target_taxa LIST_OF_TAX_IDS]
                  [--excluded_taxa LIST_OF_TAX_IDS] [--report_orthologs]
                  [--go_evidence {experimental,non-electronic,all}]
                  [--pfam_realign {none,realign,denovo}] [--md5]
                  [--output FILE_PREFIX] [--output_dir DIR]
                  [--scratch_dir DIR] [--temp_dir DIR] [--no_file_comments]
                  [--decorate_gff DECORATE_GFF]
                  [--decorate_gff_ID_field DECORATE_GFF_ID_FIELD] [--excel]
emapper.py: error: argument -i: invalid existing_file value: 'emappertmp_dmdn_polvoc7o'
D3.10.fa
[1;32mFunctional annotation of hits...[0m
0 4.291534423828125e-06 0.00 q/s (% mem usage: 23.60, % mem avail: 76.36)
#  emapper-2.1.5-28cd3af
# emapper.py  --itype metagenome -i D3.10.fa -o D3.10.fa --output_dir /domus/h1/pcr98/GenomeAnalysis/GenomeAnalysis/output/functann/D3
[1;33m  /sw/bioinfo/eggNOG-mapper/2.1.5/snowy/lib/python3.8/site-packages/eggnogmapper/bin/diamond blastx -d /crex/data/eggNOG_data/5.0/eggnog_proteins.dmnd -q /domus/h1/pcr98/GenomeAnalysis/GenomeAnalysis/output/binning/D3/D3.10.fa --threads 1 -o /domus/h1/pcr98/GenomeAnalysis/GenomeAnalysis/output/functann/D3/D3.10.fa.emapper.hits  --sensitive -e 0.001 --max-target-seqs 0 --max-hsps 0  --outfmt 6 qseqid sseqid pident length mismatch gapopen qstart qend sstart send evalue bitscore qcovhsp scovhsp[0m
[1;32mDecorating gff file /domus/h1/pcr98/GenomeAnalysis/GenomeAnalysis/output/functann/D3/D3.10.fa.emapper.gff...[0m
Parsing fasta file /domus/h1/pcr98/GenomeAnalysis/GenomeAnalysis/output/binning/D3/D3.10.fa...
Fasta file /domus/h1/pcr98/GenomeAnalysis/GenomeAnalysis/output/binning/D3/D3.10.fa parsing complete.
500 385.9586763381958 1.30 q/s (% mem usage: 25.70, % mem avail: 74.26)
1000 385.97451424598694 2.59 q/s (% mem usage: 25.70, % mem avail: 74.26)
1305 386.0075783729553 3.38 q/s (% mem usage: 25.70, % mem avail: 74.27)
[32mDone[0m
   /domus/h1/pcr98/GenomeAnalysis/GenomeAnalysis/output/functann/D3/D3.10.fa.emapper.genepred.fasta
   /domus/h1/pcr98/GenomeAnalysis/GenomeAnalysis/output/functann/D3/D3.10.fa.emapper.gff
   /domus/h1/pcr98/GenomeAnalysis/GenomeAnalysis/output/functann/D3/D3.10.fa.emapper.hits
   /domus/h1/pcr98/GenomeAnalysis/GenomeAnalysis/output/functann/D3/D3.10.fa.emapper.seed_orthologs
   /domus/h1/pcr98/GenomeAnalysis/GenomeAnalysis/output/functann/D3/D3.10.fa.emapper.annotations

================================================================================
CITATION:
If you use this software, please cite:

[1] eggNOG-mapper v2: functional annotation, orthology assignments, and domain 
      prediction at the metagenomic scale. Carlos P. Cantalapiedra, 
      Ana Hernandez-Plaza, Ivica Letunic, Peer Bork, Jaime Huerta-Cepas.
      biorxiv (2021). doi: https://doi.org/10.1101/2021.06.03.446934

[2] eggNOG 5.0: a hierarchical, functionally and phylogenetically annotated
      orthology resource based on 5090 organisms and 2502 viruses. Jaime
      Huerta-Cepas, Damian Szklarczyk, Davide Heller, Ana Hernandez-Plaza,
      Sofia K Forslund, Helen Cook, Daniel R Mende, Ivica Letunic, Thomas
      Rattei, Lars J Jensen, Christian von Mering and Peer Bork. Nucleic Acids
      Research, Volume 47, Issue D1, 8 January 2019, Pages D309-D314,
      https://doi.org/10.1093/nar/gky1085 

[3] Fast and Sensitive Protein Alignment using DIAMOND. Buchfink B, Xie C,
       Huson DH. 2015. Nat. Methods 12, 59–60. https://doi.org/10.1038/nmeth.3176

e.g. Functional annotation was performed using emapper-2.1.5-28cd3af [1]
 based on eggNOG orthology data [2]. Sequence searches were performed using [3].


================================================================================

Total hits processed: 1305
Total time: 10296 secs
FINISHED
D3.11.fa
[1;32mFunctional annotation of hits...[0m
0 4.5299530029296875e-06 0.00 q/s (% mem usage: 24.00, % mem avail: 76.00)
#  emapper-2.1.5-28cd3af
# emapper.py  --itype metagenome -i D3.11.fa -o D3.11.fa --output_dir /domus/h1/pcr98/GenomeAnalysis/GenomeAnalysis/output/functann/D3
[1;33m  /sw/bioinfo/eggNOG-mapper/2.1.5/snowy/lib/python3.8/site-packages/eggnogmapper/bin/diamond blastx -d /crex/data/eggNOG_data/5.0/eggnog_proteins.dmnd -q /domus/h1/pcr98/GenomeAnalysis/GenomeAnalysis/output/binning/D3/D3.11.fa --threads 1 -o /domus/h1/pcr98/GenomeAnalysis/GenomeAnalysis/output/functann/D3/D3.11.fa.emapper.hits  --sensitive -e 0.001 --max-target-seqs 0 --max-hsps 0  --outfmt 6 qseqid sseqid pident length mismatch gapopen qstart qend sstart send evalue bitscore qcovhsp scovhsp[0m
[1;32mDecorating gff file /domus/h1/pcr98/GenomeAnalysis/GenomeAnalysis/output/functann/D3/D3.11.fa.emapper.gff...[0m
Parsing fasta file /domus/h1/pcr98/GenomeAnalysis/GenomeAnalysis/output/binning/D3/D3.11.fa...
Fasta file /domus/h1/pcr98/GenomeAnalysis/GenomeAnalysis/output/binning/D3/D3.11.fa parsing complete.
500 199.41941618919373 2.51 q/s (% mem usage: 25.10, % mem avail: 74.89)
908 199.44590163230896 4.55 q/s (% mem usage: 25.10, % mem avail: 74.89)
[32mDone[0m
   /domus/h1/pcr98/GenomeAnalysis/GenomeAnalysis/output/functann/D3/D3.11.fa.emapper.genepred.fasta
   /domus/h1/pcr98/GenomeAnalysis/GenomeAnalysis/output/functann/D3/D3.11.fa.emapper.gff
   /domus/h1/pcr98/GenomeAnalysis/GenomeAnalysis/output/functann/D3/D3.11.fa.emapper.hits
   /domus/h1/pcr98/GenomeAnalysis/GenomeAnalysis/output/functann/D3/D3.11.fa.emapper.seed_orthologs
   /domus/h1/pcr98/GenomeAnalysis/GenomeAnalysis/output/functann/D3/D3.11.fa.emapper.annotations

================================================================================
CITATION:
If you use this software, please cite:

[1] eggNOG-mapper v2: functional annotation, orthology assignments, and domain 
      prediction at the metagenomic scale. Carlos P. Cantalapiedra, 
      Ana Hernandez-Plaza, Ivica Letunic, Peer Bork, Jaime Huerta-Cepas.
      biorxiv (2021). doi: https://doi.org/10.1101/2021.06.03.446934

[2] eggNOG 5.0: a hierarchical, functionally and phylogenetically annotated
      orthology resource based on 5090 organisms and 2502 viruses. Jaime
      Huerta-Cepas, Damian Szklarczyk, Davide Heller, Ana Hernandez-Plaza,
      Sofia K Forslund, Helen Cook, Daniel R Mende, Ivica Letunic, Thomas
      Rattei, Lars J Jensen, Christian von Mering and Peer Bork. Nucleic Acids
      Research, Volume 47, Issue D1, 8 January 2019, Pages D309-D314,
      https://doi.org/10.1093/nar/gky1085 

[3] Fast and Sensitive Protein Alignment using DIAMOND. Buchfink B, Xie C,
       Huson DH. 2015. Nat. Methods 12, 59–60. https://doi.org/10.1038/nmeth.3176

e.g. Functional annotation was performed using emapper-2.1.5-28cd3af [1]
 based on eggNOG orthology data [2]. Sequence searches were performed using [3].


================================================================================

Total hits processed: 908
Total time: 10203 secs
FINISHED
D3.12.fa
[1;32mFunctional annotation of hits...[0m
0 4.5299530029296875e-06 0.00 q/s (% mem usage: 18.50, % mem avail: 81.51)
#  emapper-2.1.5-28cd3af
# emapper.py  --itype metagenome -i D3.12.fa -o D3.12.fa --output_dir /domus/h1/pcr98/GenomeAnalysis/GenomeAnalysis/output/functann/D3
[1;33m  /sw/bioinfo/eggNOG-mapper/2.1.5/snowy/lib/python3.8/site-packages/eggnogmapper/bin/diamond blastx -d /crex/data/eggNOG_data/5.0/eggnog_proteins.dmnd -q /domus/h1/pcr98/GenomeAnalysis/GenomeAnalysis/output/binning/D3/D3.12.fa --threads 1 -o /domus/h1/pcr98/GenomeAnalysis/GenomeAnalysis/output/functann/D3/D3.12.fa.emapper.hits  --sensitive -e 0.001 --max-target-seqs 0 --max-hsps 0  --outfmt 6 qseqid sseqid pident length mismatch gapopen qstart qend sstart send evalue bitscore qcovhsp scovhsp[0m
[1;32mDecorating gff file /domus/h1/pcr98/GenomeAnalysis/GenomeAnalysis/output/functann/D3/D3.12.fa.emapper.gff...[0m
Parsing fasta file /domus/h1/pcr98/GenomeAnalysis/GenomeAnalysis/output/binning/D3/D3.12.fa...
Fasta file /domus/h1/pcr98/GenomeAnalysis/GenomeAnalysis/output/binning/D3/D3.12.fa parsing complete.
500 535.033353805542 0.93 q/s (% mem usage: 22.10, % mem avail: 77.90)
1000 535.0491952896118 1.87 q/s (% mem usage: 22.10, % mem avail: 77.90)
1500 535.0636868476868 2.80 q/s (% mem usage: 22.10, % mem avail: 77.90)
1877 535.1396362781525 3.51 q/s (% mem usage: 22.10, % mem avail: 77.94)
[32mDone[0m
   /domus/h1/pcr98/GenomeAnalysis/GenomeAnalysis/output/functann/D3/D3.12.fa.emapper.genepred.fasta
   /domus/h1/pcr98/GenomeAnalysis/GenomeAnalysis/output/functann/D3/D3.12.fa.emapper.gff
   /domus/h1/pcr98/GenomeAnalysis/GenomeAnalysis/output/functann/D3/D3.12.fa.emapper.hits
   /domus/h1/pcr98/GenomeAnalysis/GenomeAnalysis/output/functann/D3/D3.12.fa.emapper.seed_orthologs
   /domus/h1/pcr98/GenomeAnalysis/GenomeAnalysis/output/functann/D3/D3.12.fa.emapper.annotations

================================================================================
CITATION:
If you use this software, please cite:

[1] eggNOG-mapper v2: functional annotation, orthology assignments, and domain 
      prediction at the metagenomic scale. Carlos P. Cantalapiedra, 
      Ana Hernandez-Plaza, Ivica Letunic, Peer Bork, Jaime Huerta-Cepas.
      biorxiv (2021). doi: https://doi.org/10.1101/2021.06.03.446934

[2] eggNOG 5.0: a hierarchical, functionally and phylogenetically annotated
      orthology resource based on 5090 organisms and 2502 viruses. Jaime
      Huerta-Cepas, Damian Szklarczyk, Davide Heller, Ana Hernandez-Plaza,
      Sofia K Forslund, Helen Cook, Daniel R Mende, Ivica Letunic, Thomas
      Rattei, Lars J Jensen, Christian von Mering and Peer Bork. Nucleic Acids
      Research, Volume 47, Issue D1, 8 January 2019, Pages D309-D314,
      https://doi.org/10.1093/nar/gky1085 

[3] Fast and Sensitive Protein Alignment using DIAMOND. Buchfink B, Xie C,
       Huson DH. 2015. Nat. Methods 12, 59–60. https://doi.org/10.1038/nmeth.3176

e.g. Functional annotation was performed using emapper-2.1.5-28cd3af [1]
 based on eggNOG orthology data [2]. Sequence searches were performed using [3].


================================================================================

Total hits processed: 1877
Total time: 11895 secs
FINISHED
D3.13.fa
[1;32mFunctional annotation of hits...[0m
0 4.5299530029296875e-06 0.00 q/s (% mem usage: 18.50, % mem avail: 81.46)
#  emapper-2.1.5-28cd3af
# emapper.py  --itype metagenome -i D3.13.fa -o D3.13.fa --output_dir /domus/h1/pcr98/GenomeAnalysis/GenomeAnalysis/output/functann/D3
[1;33m  /sw/bioinfo/eggNOG-mapper/2.1.5/snowy/lib/python3.8/site-packages/eggnogmapper/bin/diamond blastx -d /crex/data/eggNOG_data/5.0/eggnog_proteins.dmnd -q /domus/h1/pcr98/GenomeAnalysis/GenomeAnalysis/output/binning/D3/D3.13.fa --threads 1 -o /domus/h1/pcr98/GenomeAnalysis/GenomeAnalysis/output/functann/D3/D3.13.fa.emapper.hits  --sensitive -e 0.001 --max-target-seqs 0 --max-hsps 0  --outfmt 6 qseqid sseqid pident length mismatch gapopen qstart qend sstart send evalue bitscore qcovhsp scovhsp[0m
[1;32mDecorating gff file /domus/h1/pcr98/GenomeAnalysis/GenomeAnalysis/output/functann/D3/D3.13.fa.emapper.gff...[0m
Parsing fasta file /domus/h1/pcr98/GenomeAnalysis/GenomeAnalysis/output/binning/D3/D3.13.fa...
Fasta file /domus/h1/pcr98/GenomeAnalysis/GenomeAnalysis/output/binning/D3/D3.13.fa parsing complete.
210 90.32139539718628 2.33 q/s (% mem usage: 21.40, % mem avail: 78.65)
[32mDone[0m
   /domus/h1/pcr98/GenomeAnalysis/GenomeAnalysis/output/functann/D3/D3.13.fa.emapper.genepred.fasta
   /domus/h1/pcr98/GenomeAnalysis/GenomeAnalysis/output/functann/D3/D3.13.fa.emapper.gff
   /domus/h1/pcr98/GenomeAnalysis/GenomeAnalysis/output/functann/D3/D3.13.fa.emapper.hits
   /domus/h1/pcr98/GenomeAnalysis/GenomeAnalysis/output/functann/D3/D3.13.fa.emapper.seed_orthologs
   /domus/h1/pcr98/GenomeAnalysis/GenomeAnalysis/output/functann/D3/D3.13.fa.emapper.annotations

================================================================================
CITATION:
If you use this software, please cite:

[1] eggNOG-mapper v2: functional annotation, orthology assignments, and domain 
      prediction at the metagenomic scale. Carlos P. Cantalapiedra, 
      Ana Hernandez-Plaza, Ivica Letunic, Peer Bork, Jaime Huerta-Cepas.
      biorxiv (2021). doi: https://doi.org/10.1101/2021.06.03.446934

[2] eggNOG 5.0: a hierarchical, functionally and phylogenetically annotated
      orthology resource based on 5090 organisms and 2502 viruses. Jaime
      Huerta-Cepas, Damian Szklarczyk, Davide Heller, Ana Hernandez-Plaza,
      Sofia K Forslund, Helen Cook, Daniel R Mende, Ivica Letunic, Thomas
      Rattei, Lars J Jensen, Christian von Mering and Peer Bork. Nucleic Acids
      Research, Volume 47, Issue D1, 8 January 2019, Pages D309-D314,
      https://doi.org/10.1093/nar/gky1085 

[3] Fast and Sensitive Protein Alignment using DIAMOND. Buchfink B, Xie C,
       Huson DH. 2015. Nat. Methods 12, 59–60. https://doi.org/10.1038/nmeth.3176

e.g. Functional annotation was performed using emapper-2.1.5-28cd3af [1]
 based on eggNOG orthology data [2]. Sequence searches were performed using [3].


================================================================================

Total hits processed: 210
Total time: 4677 secs
FINISHED
D3.14.fa
[1;32mFunctional annotation of hits...[0m
0 3.337860107421875e-06 0.00 q/s (% mem usage: 18.80, % mem avail: 81.21)
#  emapper-2.1.5-28cd3af
# emapper.py  --itype metagenome -i D3.14.fa -o D3.14.fa --output_dir /domus/h1/pcr98/GenomeAnalysis/GenomeAnalysis/output/functann/D3
[1;33m  /sw/bioinfo/eggNOG-mapper/2.1.5/snowy/lib/python3.8/site-packages/eggnogmapper/bin/diamond blastx -d /crex/data/eggNOG_data/5.0/eggnog_proteins.dmnd -q /domus/h1/pcr98/GenomeAnalysis/GenomeAnalysis/output/binning/D3/D3.14.fa --threads 1 -o /domus/h1/pcr98/GenomeAnalysis/GenomeAnalysis/output/functann/D3/D3.14.fa.emapper.hits  --sensitive -e 0.001 --max-target-seqs 0 --max-hsps 0  --outfmt 6 qseqid sseqid pident length mismatch gapopen qstart qend sstart send evalue bitscore qcovhsp scovhsp[0m
[1;32mDecorating gff file /domus/h1/pcr98/GenomeAnalysis/GenomeAnalysis/output/functann/D3/D3.14.fa.emapper.gff...[0m
Parsing fasta file /domus/h1/pcr98/GenomeAnalysis/GenomeAnalysis/output/binning/D3/D3.14.fa...
Fasta file /domus/h1/pcr98/GenomeAnalysis/GenomeAnalysis/output/binning/D3/D3.14.fa parsing complete.
500 745.7320170402527 0.67 q/s (% mem usage: 21.80, % mem avail: 78.16)
1000 745.7516529560089 1.34 q/s (% mem usage: 21.80, % mem avail: 78.16)
1500 745.7671763896942 2.01 q/s (% mem usage: 21.80, % mem avail: 78.16)
2000 745.7823779582977 2.68 q/s (% mem usage: 21.80, % mem avail: 78.16)
2374 745.8504798412323 3.18 q/s (% mem usage: 21.80, % mem avail: 78.20)
[32mDone[0m
   /domus/h1/pcr98/GenomeAnalysis/GenomeAnalysis/output/functann/D3/D3.14.fa.emapper.genepred.fasta
   /domus/h1/pcr98/GenomeAnalysis/GenomeAnalysis/output/functann/D3/D3.14.fa.emapper.gff
   /domus/h1/pcr98/GenomeAnalysis/GenomeAnalysis/output/functann/D3/D3.14.fa.emapper.hits
   /domus/h1/pcr98/GenomeAnalysis/GenomeAnalysis/output/functann/D3/D3.14.fa.emapper.seed_orthologs
   /domus/h1/pcr98/GenomeAnalysis/GenomeAnalysis/output/functann/D3/D3.14.fa.emapper.annotations

================================================================================
CITATION:
If you use this software, please cite:

[1] eggNOG-mapper v2: functional annotation, orthology assignments, and domain 
      prediction at the metagenomic scale. Carlos P. Cantalapiedra, 
      Ana Hernandez-Plaza, Ivica Letunic, Peer Bork, Jaime Huerta-Cepas.
      biorxiv (2021). doi: https://doi.org/10.1101/2021.06.03.446934

[2] eggNOG 5.0: a hierarchical, functionally and phylogenetically annotated
      orthology resource based on 5090 organisms and 2502 viruses. Jaime
      Huerta-Cepas, Damian Szklarczyk, Davide Heller, Ana Hernandez-Plaza,
      Sofia K Forslund, Helen Cook, Daniel R Mende, Ivica Letunic, Thomas
      Rattei, Lars J Jensen, Christian von Mering and Peer Bork. Nucleic Acids
      Research, Volume 47, Issue D1, 8 January 2019, Pages D309-D314,
      https://doi.org/10.1093/nar/gky1085 

[3] Fast and Sensitive Protein Alignment using DIAMOND. Buchfink B, Xie C,
       Huson DH. 2015. Nat. Methods 12, 59–60. https://doi.org/10.1038/nmeth.3176

e.g. Functional annotation was performed using emapper-2.1.5-28cd3af [1]
 based on eggNOG orthology data [2]. Sequence searches were performed using [3].


================================================================================

Total hits processed: 2374
Total time: 27183 secs
FINISHED
D3.15.fa
[1;32mFunctional annotation of hits...[0m
0 4.291534423828125e-06 0.00 q/s (% mem usage: 19.70, % mem avail: 80.30)
#  emapper-2.1.5-28cd3af
# emapper.py  --itype metagenome -i D3.15.fa -o D3.15.fa --output_dir /domus/h1/pcr98/GenomeAnalysis/GenomeAnalysis/output/functann/D3
[1;33m  /sw/bioinfo/eggNOG-mapper/2.1.5/snowy/lib/python3.8/site-packages/eggnogmapper/bin/diamond blastx -d /crex/data/eggNOG_data/5.0/eggnog_proteins.dmnd -q /domus/h1/pcr98/GenomeAnalysis/GenomeAnalysis/output/binning/D3/D3.15.fa --threads 1 -o /domus/h1/pcr98/GenomeAnalysis/GenomeAnalysis/output/functann/D3/D3.15.fa.emapper.hits  --sensitive -e 0.001 --max-target-seqs 0 --max-hsps 0  --outfmt 6 qseqid sseqid pident length mismatch gapopen qstart qend sstart send evalue bitscore qcovhsp scovhsp[0m
[1;32mDecorating gff file /domus/h1/pcr98/GenomeAnalysis/GenomeAnalysis/output/functann/D3/D3.15.fa.emapper.gff...[0m
Parsing fasta file /domus/h1/pcr98/GenomeAnalysis/GenomeAnalysis/output/binning/D3/D3.15.fa...
Fasta file /domus/h1/pcr98/GenomeAnalysis/GenomeAnalysis/output/binning/D3/D3.15.fa parsing complete.
500 764.075740814209 0.65 q/s (% mem usage: 22.00, % mem avail: 77.97)
1000 764.0920975208282 1.31 q/s (% mem usage: 22.00, % mem avail: 77.97)
1500 764.1071472167969 1.96 q/s (% mem usage: 22.00, % mem avail: 77.97)
2000 764.1214246749878 2.62 q/s (% mem usage: 22.00, % mem avail: 77.97)
2202 764.2438035011292 2.88 q/s (% mem usage: 21.90, % mem avail: 78.05)
[32mDone[0m
   /domus/h1/pcr98/GenomeAnalysis/GenomeAnalysis/output/functann/D3/D3.15.fa.emapper.genepred.fasta
   /domus/h1/pcr98/GenomeAnalysis/GenomeAnalysis/output/functann/D3/D3.15.fa.emapper.gff
   /domus/h1/pcr98/GenomeAnalysis/GenomeAnalysis/output/functann/D3/D3.15.fa.emapper.hits
   /domus/h1/pcr98/GenomeAnalysis/GenomeAnalysis/output/functann/D3/D3.15.fa.emapper.seed_orthologs
   /domus/h1/pcr98/GenomeAnalysis/GenomeAnalysis/output/functann/D3/D3.15.fa.emapper.annotations

================================================================================
CITATION:
If you use this software, please cite:

[1] eggNOG-mapper v2: functional annotation, orthology assignments, and domain 
      prediction at the metagenomic scale. Carlos P. Cantalapiedra, 
      Ana Hernandez-Plaza, Ivica Letunic, Peer Bork, Jaime Huerta-Cepas.
      biorxiv (2021). doi: https://doi.org/10.1101/2021.06.03.446934

[2] eggNOG 5.0: a hierarchical, functionally and phylogenetically annotated
      orthology resource based on 5090 organisms and 2502 viruses. Jaime
      Huerta-Cepas, Damian Szklarczyk, Davide Heller, Ana Hernandez-Plaza,
      Sofia K Forslund, Helen Cook, Daniel R Mende, Ivica Letunic, Thomas
      Rattei, Lars J Jensen, Christian von Mering and Peer Bork. Nucleic Acids
      Research, Volume 47, Issue D1, 8 January 2019, Pages D309-D314,
      https://doi.org/10.1093/nar/gky1085 

[3] Fast and Sensitive Protein Alignment using DIAMOND. Buchfink B, Xie C,
       Huson DH. 2015. Nat. Methods 12, 59–60. https://doi.org/10.1038/nmeth.3176

e.g. Functional annotation was performed using emapper-2.1.5-28cd3af [1]
 based on eggNOG orthology data [2]. Sequence searches were performed using [3].


================================================================================

Total hits processed: 2202
Total time: 14265 secs
FINISHED
D3.16.fa
[1;32mFunctional annotation of hits...[0m
0 4.291534423828125e-06 0.00 q/s (% mem usage: 19.70, % mem avail: 80.26)
#  emapper-2.1.5-28cd3af
# emapper.py  --itype metagenome -i D3.16.fa -o D3.16.fa --output_dir /domus/h1/pcr98/GenomeAnalysis/GenomeAnalysis/output/functann/D3
[1;33m  /sw/bioinfo/eggNOG-mapper/2.1.5/snowy/lib/python3.8/site-packages/eggnogmapper/bin/diamond blastx -d /crex/data/eggNOG_data/5.0/eggnog_proteins.dmnd -q /domus/h1/pcr98/GenomeAnalysis/GenomeAnalysis/output/binning/D3/D3.16.fa --threads 1 -o /domus/h1/pcr98/GenomeAnalysis/GenomeAnalysis/output/functann/D3/D3.16.fa.emapper.hits  --sensitive -e 0.001 --max-target-seqs 0 --max-hsps 0  --outfmt 6 qseqid sseqid pident length mismatch gapopen qstart qend sstart send evalue bitscore qcovhsp scovhsp[0m
[1;32mDecorating gff file /domus/h1/pcr98/GenomeAnalysis/GenomeAnalysis/output/functann/D3/D3.16.fa.emapper.gff...[0m
Parsing fasta file /domus/h1/pcr98/GenomeAnalysis/GenomeAnalysis/output/binning/D3/D3.16.fa...
Fasta file /domus/h1/pcr98/GenomeAnalysis/GenomeAnalysis/output/binning/D3/D3.16.fa parsing complete.
500 271.7514479160309 1.84 q/s (% mem usage: 21.70, % mem avail: 78.27)
1000 271.76600074768066 3.68 q/s (% mem usage: 21.70, % mem avail: 78.27)
1500 271.7807340621948 5.52 q/s (% mem usage: 21.70, % mem avail: 78.27)
2000 271.79402112960815 7.36 q/s (% mem usage: 21.70, % mem avail: 78.27)
2500 271.80686378479004 9.20 q/s (% mem usage: 21.70, % mem avail: 78.27)
2664 271.83691668510437 9.80 q/s (% mem usage: 21.70, % mem avail: 78.28)
[32mDone[0m
   /domus/h1/pcr98/GenomeAnalysis/GenomeAnalysis/output/functann/D3/D3.16.fa.emapper.genepred.fasta
   /domus/h1/pcr98/GenomeAnalysis/GenomeAnalysis/output/functann/D3/D3.16.fa.emapper.gff
   /domus/h1/pcr98/GenomeAnalysis/GenomeAnalysis/output/functann/D3/D3.16.fa.emapper.hits
   /domus/h1/pcr98/GenomeAnalysis/GenomeAnalysis/output/functann/D3/D3.16.fa.emapper.seed_orthologs
   /domus/h1/pcr98/GenomeAnalysis/GenomeAnalysis/output/functann/D3/D3.16.fa.emapper.annotations

================================================================================
CITATION:
If you use this software, please cite:

[1] eggNOG-mapper v2: functional annotation, orthology assignments, and domain 
      prediction at the metagenomic scale. Carlos P. Cantalapiedra, 
      Ana Hernandez-Plaza, Ivica Letunic, Peer Bork, Jaime Huerta-Cepas.
      biorxiv (2021). doi: https://doi.org/10.1101/2021.06.03.446934

[2] eggNOG 5.0: a hierarchical, functionally and phylogenetically annotated
      orthology resource based on 5090 organisms and 2502 viruses. Jaime
      Huerta-Cepas, Damian Szklarczyk, Davide Heller, Ana Hernandez-Plaza,
      Sofia K Forslund, Helen Cook, Daniel R Mende, Ivica Letunic, Thomas
      Rattei, Lars J Jensen, Christian von Mering and Peer Bork. Nucleic Acids
      Research, Volume 47, Issue D1, 8 January 2019, Pages D309-D314,
      https://doi.org/10.1093/nar/gky1085 

[3] Fast and Sensitive Protein Alignment using DIAMOND. Buchfink B, Xie C,
       Huson DH. 2015. Nat. Methods 12, 59–60. https://doi.org/10.1038/nmeth.3176

e.g. Functional annotation was performed using emapper-2.1.5-28cd3af [1]
 based on eggNOG orthology data [2]. Sequence searches were performed using [3].


================================================================================

Total hits processed: 2664
Total time: 13936 secs
FINISHED
D3.17.fa
#  emapper-2.1.5-28cd3af
# emapper.py  --itype metagenome -i D3.17.fa -o D3.17.fa --output_dir /domus/h1/pcr98/GenomeAnalysis/GenomeAnalysis/output/functann/D3
[1;33m  /sw/bioinfo/eggNOG-mapper/2.1.5/snowy/lib/python3.8/site-packages/eggnogmapper/bin/diamond blastx -d /crex/data/eggNOG_data/5.0/eggnog_proteins.dmnd -q /domus/h1/pcr98/GenomeAnalysis/GenomeAnalysis/output/binning/D3/D3.17.fa --threads 1 -o /domus/h1/pcr98/GenomeAnalysis/GenomeAnalysis/output/functann/D3/D3.17.fa.emapper.hits  --sensitive -e 0.001 --max-target-seqs 0 --max-hsps 0  --outfmt 6 qseqid sseqid pident length mismatch gapopen qstart qend sstart send evalue bitscore qcovhsp scovhsp[0m
Error running diamond: Error: Error writing file /domus/h1/pcr98/GenomeAnalysis/GenomeAnalysis/output/functann/D3/D3.17.fa.emapper.hits
D3.18.fa
[1;32mFunctional annotation of hits...[0m
0 3.0994415283203125e-06 0.00 q/s (% mem usage: 20.20, % mem avail: 79.78)
#  emapper-2.1.5-28cd3af
# emapper.py  --itype metagenome -i D3.18.fa -o D3.18.fa --output_dir /domus/h1/pcr98/GenomeAnalysis/GenomeAnalysis/output/functann/D3
[1;33m  /sw/bioinfo/eggNOG-mapper/2.1.5/snowy/lib/python3.8/site-packages/eggnogmapper/bin/diamond blastx -d /crex/data/eggNOG_data/5.0/eggnog_proteins.dmnd -q /domus/h1/pcr98/GenomeAnalysis/GenomeAnalysis/output/binning/D3/D3.18.fa --threads 1 -o /domus/h1/pcr98/GenomeAnalysis/GenomeAnalysis/output/functann/D3/D3.18.fa.emapper.hits  --sensitive -e 0.001 --max-target-seqs 0 --max-hsps 0  --outfmt 6 qseqid sseqid pident length mismatch gapopen qstart qend sstart send evalue bitscore qcovhsp scovhsp[0m
[1;32mDecorating gff file /domus/h1/pcr98/GenomeAnalysis/GenomeAnalysis/output/functann/D3/D3.18.fa.emapper.gff...[0m
Parsing fasta file /domus/h1/pcr98/GenomeAnalysis/GenomeAnalysis/output/binning/D3/D3.18.fa...
Fasta file /domus/h1/pcr98/GenomeAnalysis/GenomeAnalysis/output/binning/D3/D3.18.fa parsing complete.
289 110.12403297424316 2.62 q/s (% mem usage: 21.90, % mem avail: 78.10)
[32mDone[0m
   /domus/h1/pcr98/GenomeAnalysis/GenomeAnalysis/output/functann/D3/D3.18.fa.emapper.genepred.fasta
   /domus/h1/pcr98/GenomeAnalysis/GenomeAnalysis/output/functann/D3/D3.18.fa.emapper.gff
   /domus/h1/pcr98/GenomeAnalysis/GenomeAnalysis/output/functann/D3/D3.18.fa.emapper.hits
   /domus/h1/pcr98/GenomeAnalysis/GenomeAnalysis/output/functann/D3/D3.18.fa.emapper.seed_orthologs
   /domus/h1/pcr98/GenomeAnalysis/GenomeAnalysis/output/functann/D3/D3.18.fa.emapper.annotations

================================================================================
CITATION:
If you use this software, please cite:

[1] eggNOG-mapper v2: functional annotation, orthology assignments, and domain 
      prediction at the metagenomic scale. Carlos P. Cantalapiedra, 
      Ana Hernandez-Plaza, Ivica Letunic, Peer Bork, Jaime Huerta-Cepas.
      biorxiv (2021). doi: https://doi.org/10.1101/2021.06.03.446934

[2] eggNOG 5.0: a hierarchical, functionally and phylogenetically annotated
      orthology resource based on 5090 organisms and 2502 viruses. Jaime
      Huerta-Cepas, Damian Szklarczyk, Davide Heller, Ana Hernandez-Plaza,
      Sofia K Forslund, Helen Cook, Daniel R Mende, Ivica Letunic, Thomas
      Rattei, Lars J Jensen, Christian von Mering and Peer Bork. Nucleic Acids
      Research, Volume 47, Issue D1, 8 January 2019, Pages D309-D314,
      https://doi.org/10.1093/nar/gky1085 

[3] Fast and Sensitive Protein Alignment using DIAMOND. Buchfink B, Xie C,
       Huson DH. 2015. Nat. Methods 12, 59–60. https://doi.org/10.1038/nmeth.3176

e.g. Functional annotation was performed using emapper-2.1.5-28cd3af [1]
 based on eggNOG orthology data [2]. Sequence searches were performed using [3].


================================================================================

Total hits processed: 289
Total time: 4669 secs
FINISHED
D3.19.fa
#  emapper-2.1.5-28cd3af
# emapper.py  --itype metagenome -i D3.19.fa -o D3.19.fa --output_dir /domus/h1/pcr98/GenomeAnalysis/GenomeAnalysis/output/functann/D3
[1;33m  /sw/bioinfo/eggNOG-mapper/2.1.5/snowy/lib/python3.8/site-packages/eggnogmapper/bin/diamond blastx -d /crex/data/eggNOG_data/5.0/eggnog_proteins.dmnd -q /domus/h1/pcr98/GenomeAnalysis/GenomeAnalysis/output/binning/D3/D3.19.fa --threads 1 -o /domus/h1/pcr98/GenomeAnalysis/GenomeAnalysis/output/functann/D3/D3.19.fa.emapper.hits  --sensitive -e 0.001 --max-target-seqs 0 --max-hsps 0  --outfmt 6 qseqid sseqid pident length mismatch gapopen qstart qend sstart send evalue bitscore qcovhsp scovhsp[0m
Error running diamond: Error: Error writing file /domus/h1/pcr98/GenomeAnalysis/GenomeAnalysis/output/functann/D3/D3.19.fa.emapper.hits
D3.1.fa
[1;32mFunctional annotation of hits...[0m
0 2.1457672119140625e-06 0.00 q/s (% mem usage: 19.80, % mem avail: 80.25)
#  emapper-2.1.5-28cd3af
# emapper.py  --itype metagenome -i D3.1.fa -o D3.1.fa --output_dir /domus/h1/pcr98/GenomeAnalysis/GenomeAnalysis/output/functann/D3
[1;33m  /sw/bioinfo/eggNOG-mapper/2.1.5/snowy/lib/python3.8/site-packages/eggnogmapper/bin/diamond blastx -d /crex/data/eggNOG_data/5.0/eggnog_proteins.dmnd -q /domus/h1/pcr98/GenomeAnalysis/GenomeAnalysis/output/binning/D3/D3.1.fa --threads 1 -o /domus/h1/pcr98/GenomeAnalysis/GenomeAnalysis/output/functann/D3/D3.1.fa.emapper.hits  --sensitive -e 0.001 --max-target-seqs 0 --max-hsps 0  --outfmt 6 qseqid sseqid pident length mismatch gapopen qstart qend sstart send evalue bitscore qcovhsp scovhsp[0m
[1;32mDecorating gff file /domus/h1/pcr98/GenomeAnalysis/GenomeAnalysis/output/functann/D3/D3.1.fa.emapper.gff...[0m
Parsing fasta file /domus/h1/pcr98/GenomeAnalysis/GenomeAnalysis/output/binning/D3/D3.1.fa...
Fasta file /domus/h1/pcr98/GenomeAnalysis/GenomeAnalysis/output/binning/D3/D3.1.fa parsing complete.
500 291.1331341266632 1.72 q/s (% mem usage: 21.70, % mem avail: 78.33)
1000 291.1480939388275 3.43 q/s (% mem usage: 21.70, % mem avail: 78.33)
1171 291.1760907173157 4.02 q/s (% mem usage: 21.70, % mem avail: 78.34)
[32mDone[0m
   /domus/h1/pcr98/GenomeAnalysis/GenomeAnalysis/output/functann/D3/D3.1.fa.emapper.genepred.fasta
   /domus/h1/pcr98/GenomeAnalysis/GenomeAnalysis/output/functann/D3/D3.1.fa.emapper.gff
   /domus/h1/pcr98/GenomeAnalysis/GenomeAnalysis/output/functann/D3/D3.1.fa.emapper.hits
   /domus/h1/pcr98/GenomeAnalysis/GenomeAnalysis/output/functann/D3/D3.1.fa.emapper.seed_orthologs
   /domus/h1/pcr98/GenomeAnalysis/GenomeAnalysis/output/functann/D3/D3.1.fa.emapper.annotations

================================================================================
CITATION:
If you use this software, please cite:

[1] eggNOG-mapper v2: functional annotation, orthology assignments, and domain 
      prediction at the metagenomic scale. Carlos P. Cantalapiedra, 
      Ana Hernandez-Plaza, Ivica Letunic, Peer Bork, Jaime Huerta-Cepas.
      biorxiv (2021). doi: https://doi.org/10.1101/2021.06.03.446934

[2] eggNOG 5.0: a hierarchical, functionally and phylogenetically annotated
      orthology resource based on 5090 organisms and 2502 viruses. Jaime
      Huerta-Cepas, Damian Szklarczyk, Davide Heller, Ana Hernandez-Plaza,
      Sofia K Forslund, Helen Cook, Daniel R Mende, Ivica Letunic, Thomas
      Rattei, Lars J Jensen, Christian von Mering and Peer Bork. Nucleic Acids
      Research, Volume 47, Issue D1, 8 January 2019, Pages D309-D314,
      https://doi.org/10.1093/nar/gky1085 

[3] Fast and Sensitive Protein Alignment using DIAMOND. Buchfink B, Xie C,
       Huson DH. 2015. Nat. Methods 12, 59–60. https://doi.org/10.1038/nmeth.3176

e.g. Functional annotation was performed using emapper-2.1.5-28cd3af [1]
 based on eggNOG orthology data [2]. Sequence searches were performed using [3].


================================================================================

Total hits processed: 1171
Total time: 9317 secs
FINISHED
D3.20.fa
#  emapper-2.1.5-28cd3af
# emapper.py  --itype metagenome -i D3.20.fa -o D3.20.fa --output_dir /domus/h1/pcr98/GenomeAnalysis/GenomeAnalysis/output/functann/D3
[1;33m  /sw/bioinfo/eggNOG-mapper/2.1.5/snowy/lib/python3.8/site-packages/eggnogmapper/bin/diamond blastx -d /crex/data/eggNOG_data/5.0/eggnog_proteins.dmnd -q /domus/h1/pcr98/GenomeAnalysis/GenomeAnalysis/output/binning/D3/D3.20.fa --threads 1 -o /domus/h1/pcr98/GenomeAnalysis/GenomeAnalysis/output/functann/D3/D3.20.fa.emapper.hits  --sensitive -e 0.001 --max-target-seqs 0 --max-hsps 0  --outfmt 6 qseqid sseqid pident length mismatch gapopen qstart qend sstart send evalue bitscore qcovhsp scovhsp[0m
Error running diamond:   what():  Error closing file /domus/h1/pcr98/GenomeAnalysis/GenomeAnalysis/output/functann/D3/diamond-tmp-05iCBq
D3.21.fa
