EggNOG data 5.0 available at /sw/data/uppnex/eggNOG/5.0
D1.normalize.10.fa
[1;32mFunctional annotation of hits...[0m
0 5.245208740234375e-06 0.00 q/s (% mem usage: 21.60, % mem avail: 78.37)
#  emapper-2.1.5-35a361d
# emapper.py  --itype metagenome -i D1.normalize.10.fa -o D1.normalize.10.fa --output_dir /proj/genomeanalysis2022/nobackup/work/pcr/output/functann/D1/normalize
[1;33m  /sw/bioinfo/eggNOG-mapper/2.1.5/snowy/lib/python3.8/site-packages/eggnogmapper/bin/diamond blastx -d /crex/data/eggNOG_data/5.0/eggnog_proteins.dmnd -q /domus/h1/pcr98/GenomeAnalysis/GenomeAnalysis/output/binning/D1/normalize/D1.normalize.10.fa --threads 1 -o /crex/proj/genomeanalysis2022/nobackup/work/pcr/output/functann/D1/normalize/D1.normalize.10.fa.emapper.hits  --sensitive -e 0.001 --max-target-seqs 0 --max-hsps 0  --outfmt 6 qseqid sseqid pident length mismatch gapopen qstart qend sstart send evalue bitscore qcovhsp scovhsp[0m
[1;32mDecorating gff file /crex/proj/genomeanalysis2022/nobackup/work/pcr/output/functann/D1/normalize/D1.normalize.10.fa.emapper.gff...[0m
Parsing fasta file /domus/h1/pcr98/GenomeAnalysis/GenomeAnalysis/output/binning/D1/normalize/D1.normalize.10.fa...
Fasta file /domus/h1/pcr98/GenomeAnalysis/GenomeAnalysis/output/binning/D1/normalize/D1.normalize.10.fa parsing complete.
446 140.86524271965027 3.17 q/s (% mem usage: 28.80, % mem avail: 71.23)
[32mDone[0m
   /crex/proj/genomeanalysis2022/nobackup/work/pcr/output/functann/D1/normalize/D1.normalize.10.fa.emapper.genepred.fasta
   /crex/proj/genomeanalysis2022/nobackup/work/pcr/output/functann/D1/normalize/D1.normalize.10.fa.emapper.gff
   /crex/proj/genomeanalysis2022/nobackup/work/pcr/output/functann/D1/normalize/D1.normalize.10.fa.emapper.hits
   /crex/proj/genomeanalysis2022/nobackup/work/pcr/output/functann/D1/normalize/D1.normalize.10.fa.emapper.seed_orthologs
   /crex/proj/genomeanalysis2022/nobackup/work/pcr/output/functann/D1/normalize/D1.normalize.10.fa.emapper.annotations

================================================================================
CITATION:
If you use this software, please cite:

[1] eggNOG-mapper v2: functional annotation, orthology assignments, and domain 
      prediction at the metagenomic scale. Carlos P. Cantalapiedra, 
      Ana Hernandez-Plaza, Ivica Letunic, Peer Bork, Jaime Huerta-Cepas.
      biorxiv (2021). doi: https://doi.org/10.1101/2021.06.03.446934

[2] eggNOG 5.0: a hierarchical, functionally and phylogenetically annotated
      orthology resource based on 5090 organisms and 2502 viruses. Jaime
      Huerta-Cepas, Damian Szklarczyk, Davide Heller, Ana Hernandez-Plaza,
      Sofia K Forslund, Helen Cook, Daniel R Mende, Ivica Letunic, Thomas
      Rattei, Lars J Jensen, Christian von Mering and Peer Bork. Nucleic Acids
      Research, Volume 47, Issue D1, 8 January 2019, Pages D309-D314,
      https://doi.org/10.1093/nar/gky1085 

[3] Fast and Sensitive Protein Alignment using DIAMOND. Buchfink B, Xie C,
       Huson DH. 2015. Nat. Methods 12, 59–60. https://doi.org/10.1038/nmeth.3176

e.g. Functional annotation was performed using emapper-2.1.5-8f30e87 [1]
 based on eggNOG orthology data [2]. Sequence searches were performed using [3].


================================================================================

Total hits processed: 446
Total time: 6972 secs
FINISHED
D1.normalize.11.fa
