[2022-04-13 13:19:14,414] multiqc                                            [DEBUG  ]  This is MultiQC v1.12
[2022-04-13 13:19:14,415] multiqc                                            [DEBUG  ]  No MultiQC config found: /sw/bioinfo/MultiQC/1.12/rackham/lib/python3.8/site-packages/multiqc_config.yaml
[2022-04-13 13:19:14,415] multiqc                                            [DEBUG  ]  No MultiQC config found: /home/pcr98/.multiqc_config.yaml
[2022-04-13 13:19:14,416] multiqc                                            [DEBUG  ]  No MultiQC config found: multiqc_config.yaml
[2022-04-13 13:19:14,416] multiqc                                            [DEBUG  ]  Command used: /sw/bioinfo/MultiQC/1.12/snowy/bin/multiqc /home/pcr98/GenomeAnalysis/GenomeAnalysis/output/RNA_fastqc_trimmed/ /home/pcr98/GenomeAnalysis/GenomeAnalysis/analysis/preprocessing/RNA_fastqc_raw/ -o /home/pcr98/GenomeAnalysis/GenomeAnalysis/output/multiQC/
[2022-04-13 13:19:14,683] multiqc                                            [DEBUG  ]  Latest MultiQC version is v1.12
[2022-04-13 13:19:14,683] multiqc                                            [DEBUG  ]  Command     : /sw/bioinfo/MultiQC/1.12/snowy/bin/multiqc /home/pcr98/GenomeAnalysis/GenomeAnalysis/output/RNA_fastqc_trimmed/ /home/pcr98/GenomeAnalysis/GenomeAnalysis/analysis/preprocessing/RNA_fastqc_raw/ -o /home/pcr98/GenomeAnalysis/GenomeAnalysis/output/multiQC/
[2022-04-13 13:19:14,683] multiqc                                            [DEBUG  ]  Working dir : /domus/h1/pcr98/GenomeAnalysis/GenomeAnalysis/code
[2022-04-13 13:19:14,683] multiqc                                            [DEBUG  ]  Template    : default
[2022-04-13 13:19:14,683] multiqc                                            [DEBUG  ]  Running Python 3.8.7 (default, Feb  1 2021, 11:54:01)  [GCC 8.3.0]
[2022-04-13 13:19:14,684] multiqc                                            [DEBUG  ]  Analysing modules: custom_content, ccs, ngsderive, purple, conpair, lima, peddy, somalier, methylQA, mosdepth, phantompeakqualtools, qualimap, preseq, quast, qorts, rna_seqc, rockhopper, rsem, rseqc, busco, bustools, goleft_indexcov, gffcompare, disambiguate, supernova, deeptools, sargasso, verifybamid, mirtrace, happy, mirtop, sambamba, homer, hops, macs2, theta2, snpeff, gatk, htseq, bcftools, featureCounts, fgbio, dragen, dedup, pbmarkdup, damageprofiler, biobambam2, jcvi, mtnucratio, picard, vep, sentieon, prokka, qc3C, nanostat, samblaster, samtools, sexdeterrmine, eigenstratdatabasetools, bamtools, jellyfish, vcftools, longranger, stacks, varscan2, snippy, bbmap, bismark, biscuit, hicexplorer, hicup, hicpro, salmon, kallisto, slamdunk, star, hisat2, tophat, bowtie2, bowtie1, snpsplit, odgi, pangolin, kat, leehom, adapterRemoval, clipandmerge, cutadapt, flexbar, kaiju, kraken, malt, trimmomatic, sickle, skewer, sortmerna, biobloomtools, fastq_screen, afterqc, fastp, fastqc, pychopper, pycoqc, minionqc, multivcfanalyzer, clusterflow, checkqc, bcl2fastq, bclconvert, interop, ivar, flash, seqyclean, optitype, whatshap
[2022-04-13 13:19:14,684] multiqc                                            [DEBUG  ]  Using temporary directory for creating report: /scratch/6128962/tmpxhs93xyk
[2022-04-13 13:19:14,861] multiqc                                            [INFO   ]  Search path : /home/pcr98/GenomeAnalysis/GenomeAnalysis/output/RNA_fastqc_trimmed
[2022-04-13 13:19:14,861] multiqc                                            [INFO   ]  Search path : /home/pcr98/GenomeAnalysis/GenomeAnalysis/analysis/preprocessing/RNA_fastqc_raw
[2022-04-13 13:19:14,929] multiqc                                            [DEBUG  ]  File ignored by ccs/v4 because it exceeded search pattern filesize limit: RNA_trim_SRR4342137.forward_paired.trimmed_fastqc.html
[2022-04-13 13:19:14,934] multiqc                                            [DEBUG  ]  File ignored by hicexplorer because it exceeded search pattern filesize limit: RNA_trim_SRR4342137.forward_paired.trimmed_fastqc.html
[2022-04-13 13:19:14,935] multiqc                                            [DEBUG  ]  File ignored by lima/summary because it exceeded search pattern filesize limit: RNA_trim_SRR4342137.forward_paired.trimmed_fastqc.html
[2022-04-13 13:19:14,946] multiqc                                            [DEBUG  ]  File ignored by vep/vep_txt because it exceeded search pattern filesize limit: RNA_trim_SRR4342137.forward_paired.trimmed_fastqc.html
[2022-04-13 13:19:14,946] multiqc                                            [DEBUG  ]  File ignored by longranger/invocation because it exceeded search pattern filesize limit: RNA_trim_SRR4342137.forward_paired.trimmed_fastqc.html
[2022-04-13 13:19:15,008] multiqc                                            [DEBUG  ]  File ignored by nanostat because it exceeded search pattern filesize limit: RNA_trim_SRR4342137.forward_paired.trimmed_fastqc.html
[2022-04-13 13:19:15,051] multiqc                                            [DEBUG  ]  File ignored by ccs/v4 because it exceeded search pattern filesize limit: RNA_trim_SRR4342137.forward_unpaired.trimmed_fastqc.html
[2022-04-13 13:19:15,056] multiqc                                            [DEBUG  ]  File ignored by hicexplorer because it exceeded search pattern filesize limit: RNA_trim_SRR4342137.forward_unpaired.trimmed_fastqc.html
[2022-04-13 13:19:15,056] multiqc                                            [DEBUG  ]  File ignored by lima/summary because it exceeded search pattern filesize limit: RNA_trim_SRR4342137.forward_unpaired.trimmed_fastqc.html
[2022-04-13 13:19:15,065] multiqc                                            [DEBUG  ]  File ignored by vep/vep_txt because it exceeded search pattern filesize limit: RNA_trim_SRR4342137.forward_unpaired.trimmed_fastqc.html
[2022-04-13 13:19:15,066] multiqc                                            [DEBUG  ]  File ignored by longranger/invocation because it exceeded search pattern filesize limit: RNA_trim_SRR4342137.forward_unpaired.trimmed_fastqc.html
[2022-04-13 13:19:15,130] multiqc                                            [DEBUG  ]  File ignored by nanostat because it exceeded search pattern filesize limit: RNA_trim_SRR4342137.forward_unpaired.trimmed_fastqc.html
[2022-04-13 13:19:15,166] multiqc                                            [DEBUG  ]  File ignored by ccs/v4 because it exceeded search pattern filesize limit: RNA_trim_SRR4342137.reverse_paired.trimmed_fastqc.html
[2022-04-13 13:19:15,171] multiqc                                            [DEBUG  ]  File ignored by hicexplorer because it exceeded search pattern filesize limit: RNA_trim_SRR4342137.reverse_paired.trimmed_fastqc.html
[2022-04-13 13:19:15,171] multiqc                                            [DEBUG  ]  File ignored by lima/summary because it exceeded search pattern filesize limit: RNA_trim_SRR4342137.reverse_paired.trimmed_fastqc.html
[2022-04-13 13:19:15,181] multiqc                                            [DEBUG  ]  File ignored by vep/vep_txt because it exceeded search pattern filesize limit: RNA_trim_SRR4342137.reverse_paired.trimmed_fastqc.html
[2022-04-13 13:19:15,181] multiqc                                            [DEBUG  ]  File ignored by longranger/invocation because it exceeded search pattern filesize limit: RNA_trim_SRR4342137.reverse_paired.trimmed_fastqc.html
[2022-04-13 13:19:15,242] multiqc                                            [DEBUG  ]  File ignored by nanostat because it exceeded search pattern filesize limit: RNA_trim_SRR4342137.reverse_paired.trimmed_fastqc.html
[2022-04-13 13:19:15,280] multiqc                                            [DEBUG  ]  File ignored by ccs/v4 because it exceeded search pattern filesize limit: RNA_trim_SRR4342137.reverse_unpaired.trimmed_fastqc.html
[2022-04-13 13:19:15,285] multiqc                                            [DEBUG  ]  File ignored by hicexplorer because it exceeded search pattern filesize limit: RNA_trim_SRR4342137.reverse_unpaired.trimmed_fastqc.html
[2022-04-13 13:19:15,286] multiqc                                            [DEBUG  ]  File ignored by lima/summary because it exceeded search pattern filesize limit: RNA_trim_SRR4342137.reverse_unpaired.trimmed_fastqc.html
[2022-04-13 13:19:15,295] multiqc                                            [DEBUG  ]  File ignored by vep/vep_txt because it exceeded search pattern filesize limit: RNA_trim_SRR4342137.reverse_unpaired.trimmed_fastqc.html
[2022-04-13 13:19:15,295] multiqc                                            [DEBUG  ]  File ignored by longranger/invocation because it exceeded search pattern filesize limit: RNA_trim_SRR4342137.reverse_unpaired.trimmed_fastqc.html
[2022-04-13 13:19:15,357] multiqc                                            [DEBUG  ]  File ignored by nanostat because it exceeded search pattern filesize limit: RNA_trim_SRR4342137.reverse_unpaired.trimmed_fastqc.html
[2022-04-13 13:19:15,394] multiqc                                            [DEBUG  ]  File ignored by ccs/v4 because it exceeded search pattern filesize limit: RNA_trim_SRR4342139.forward_paired.trimmed_fastqc.html
[2022-04-13 13:19:15,399] multiqc                                            [DEBUG  ]  File ignored by hicexplorer because it exceeded search pattern filesize limit: RNA_trim_SRR4342139.forward_paired.trimmed_fastqc.html
[2022-04-13 13:19:15,400] multiqc                                            [DEBUG  ]  File ignored by lima/summary because it exceeded search pattern filesize limit: RNA_trim_SRR4342139.forward_paired.trimmed_fastqc.html
[2022-04-13 13:19:15,409] multiqc                                            [DEBUG  ]  File ignored by vep/vep_txt because it exceeded search pattern filesize limit: RNA_trim_SRR4342139.forward_paired.trimmed_fastqc.html
[2022-04-13 13:19:15,410] multiqc                                            [DEBUG  ]  File ignored by longranger/invocation because it exceeded search pattern filesize limit: RNA_trim_SRR4342139.forward_paired.trimmed_fastqc.html
[2022-04-13 13:19:15,468] multiqc                                            [DEBUG  ]  File ignored by nanostat because it exceeded search pattern filesize limit: RNA_trim_SRR4342139.forward_paired.trimmed_fastqc.html
[2022-04-13 13:19:15,511] multiqc                                            [DEBUG  ]  File ignored by ccs/v4 because it exceeded search pattern filesize limit: RNA_trim_SRR4342139.forward_unpaired.trimmed_fastqc.html
[2022-04-13 13:19:15,516] multiqc                                            [DEBUG  ]  File ignored by hicexplorer because it exceeded search pattern filesize limit: RNA_trim_SRR4342139.forward_unpaired.trimmed_fastqc.html
[2022-04-13 13:19:15,517] multiqc                                            [DEBUG  ]  File ignored by lima/summary because it exceeded search pattern filesize limit: RNA_trim_SRR4342139.forward_unpaired.trimmed_fastqc.html
[2022-04-13 13:19:15,526] multiqc                                            [DEBUG  ]  File ignored by vep/vep_txt because it exceeded search pattern filesize limit: RNA_trim_SRR4342139.forward_unpaired.trimmed_fastqc.html
[2022-04-13 13:19:15,526] multiqc                                            [DEBUG  ]  File ignored by longranger/invocation because it exceeded search pattern filesize limit: RNA_trim_SRR4342139.forward_unpaired.trimmed_fastqc.html
[2022-04-13 13:19:15,590] multiqc                                            [DEBUG  ]  File ignored by nanostat because it exceeded search pattern filesize limit: RNA_trim_SRR4342139.forward_unpaired.trimmed_fastqc.html
[2022-04-13 13:19:15,622] multiqc                                            [DEBUG  ]  File ignored by ccs/v4 because it exceeded search pattern filesize limit: RNA_trim_SRR4342139.reverse_paired.trimmed_fastqc.html
[2022-04-13 13:19:15,627] multiqc                                            [DEBUG  ]  File ignored by hicexplorer because it exceeded search pattern filesize limit: RNA_trim_SRR4342139.reverse_paired.trimmed_fastqc.html
[2022-04-13 13:19:15,628] multiqc                                            [DEBUG  ]  File ignored by lima/summary because it exceeded search pattern filesize limit: RNA_trim_SRR4342139.reverse_paired.trimmed_fastqc.html
[2022-04-13 13:19:15,637] multiqc                                            [DEBUG  ]  File ignored by vep/vep_txt because it exceeded search pattern filesize limit: RNA_trim_SRR4342139.reverse_paired.trimmed_fastqc.html
[2022-04-13 13:19:15,637] multiqc                                            [DEBUG  ]  File ignored by longranger/invocation because it exceeded search pattern filesize limit: RNA_trim_SRR4342139.reverse_paired.trimmed_fastqc.html
[2022-04-13 13:19:15,699] multiqc                                            [DEBUG  ]  File ignored by nanostat because it exceeded search pattern filesize limit: RNA_trim_SRR4342139.reverse_paired.trimmed_fastqc.html
[2022-04-13 13:19:15,747] multiqc                                            [DEBUG  ]  File ignored by ccs/v4 because it exceeded search pattern filesize limit: RNA_trim_SRR4342139.reverse_unpaired.trimmed_fastqc.html
[2022-04-13 13:19:15,752] multiqc                                            [DEBUG  ]  File ignored by hicexplorer because it exceeded search pattern filesize limit: RNA_trim_SRR4342139.reverse_unpaired.trimmed_fastqc.html
[2022-04-13 13:19:15,753] multiqc                                            [DEBUG  ]  File ignored by lima/summary because it exceeded search pattern filesize limit: RNA_trim_SRR4342139.reverse_unpaired.trimmed_fastqc.html
[2022-04-13 13:19:15,762] multiqc                                            [DEBUG  ]  File ignored by vep/vep_txt because it exceeded search pattern filesize limit: RNA_trim_SRR4342139.reverse_unpaired.trimmed_fastqc.html
[2022-04-13 13:19:15,763] multiqc                                            [DEBUG  ]  File ignored by longranger/invocation because it exceeded search pattern filesize limit: RNA_trim_SRR4342139.reverse_unpaired.trimmed_fastqc.html
[2022-04-13 13:19:15,826] multiqc                                            [DEBUG  ]  File ignored by nanostat because it exceeded search pattern filesize limit: RNA_trim_SRR4342139.reverse_unpaired.trimmed_fastqc.html
[2022-04-13 13:19:15,841] multiqc                                            [DEBUG  ]  File ignored by ccs/v4 because it exceeded search pattern filesize limit: SRR4342137.1_fastqc.html
[2022-04-13 13:19:15,846] multiqc                                            [DEBUG  ]  File ignored by hicexplorer because it exceeded search pattern filesize limit: SRR4342137.1_fastqc.html
[2022-04-13 13:19:15,847] multiqc                                            [DEBUG  ]  File ignored by lima/summary because it exceeded search pattern filesize limit: SRR4342137.1_fastqc.html
[2022-04-13 13:19:15,856] multiqc                                            [DEBUG  ]  File ignored by vep/vep_txt because it exceeded search pattern filesize limit: SRR4342137.1_fastqc.html
[2022-04-13 13:19:15,857] multiqc                                            [DEBUG  ]  File ignored by longranger/invocation because it exceeded search pattern filesize limit: SRR4342137.1_fastqc.html
[2022-04-13 13:19:15,921] multiqc                                            [DEBUG  ]  File ignored by nanostat because it exceeded search pattern filesize limit: SRR4342137.1_fastqc.html
[2022-04-13 13:19:15,937] multiqc                                            [DEBUG  ]  File ignored by ccs/v4 because it exceeded search pattern filesize limit: SRR4342137.2_fastqc.html
[2022-04-13 13:19:15,942] multiqc                                            [DEBUG  ]  File ignored by hicexplorer because it exceeded search pattern filesize limit: SRR4342137.2_fastqc.html
[2022-04-13 13:19:15,942] multiqc                                            [DEBUG  ]  File ignored by lima/summary because it exceeded search pattern filesize limit: SRR4342137.2_fastqc.html
[2022-04-13 13:19:15,952] multiqc                                            [DEBUG  ]  File ignored by vep/vep_txt because it exceeded search pattern filesize limit: SRR4342137.2_fastqc.html
[2022-04-13 13:19:15,952] multiqc                                            [DEBUG  ]  File ignored by longranger/invocation because it exceeded search pattern filesize limit: SRR4342137.2_fastqc.html
[2022-04-13 13:19:16,016] multiqc                                            [DEBUG  ]  File ignored by nanostat because it exceeded search pattern filesize limit: SRR4342137.2_fastqc.html
[2022-04-13 13:19:16,037] multiqc                                            [DEBUG  ]  File ignored by ccs/v4 because it exceeded search pattern filesize limit: SRR4342139.1_fastqc.html
[2022-04-13 13:19:16,042] multiqc                                            [DEBUG  ]  File ignored by hicexplorer because it exceeded search pattern filesize limit: SRR4342139.1_fastqc.html
[2022-04-13 13:19:16,043] multiqc                                            [DEBUG  ]  File ignored by lima/summary because it exceeded search pattern filesize limit: SRR4342139.1_fastqc.html
[2022-04-13 13:19:16,053] multiqc                                            [DEBUG  ]  File ignored by vep/vep_txt because it exceeded search pattern filesize limit: SRR4342139.1_fastqc.html
[2022-04-13 13:19:16,053] multiqc                                            [DEBUG  ]  File ignored by longranger/invocation because it exceeded search pattern filesize limit: SRR4342139.1_fastqc.html
[2022-04-13 13:19:16,118] multiqc                                            [DEBUG  ]  File ignored by nanostat because it exceeded search pattern filesize limit: SRR4342139.1_fastqc.html
[2022-04-13 13:19:16,134] multiqc                                            [DEBUG  ]  File ignored by ccs/v4 because it exceeded search pattern filesize limit: SRR4342139.2_fastqc.html
[2022-04-13 13:19:16,139] multiqc                                            [DEBUG  ]  File ignored by hicexplorer because it exceeded search pattern filesize limit: SRR4342139.2_fastqc.html
[2022-04-13 13:19:16,140] multiqc                                            [DEBUG  ]  File ignored by lima/summary because it exceeded search pattern filesize limit: SRR4342139.2_fastqc.html
[2022-04-13 13:19:16,149] multiqc                                            [DEBUG  ]  File ignored by vep/vep_txt because it exceeded search pattern filesize limit: SRR4342139.2_fastqc.html
[2022-04-13 13:19:16,149] multiqc                                            [DEBUG  ]  File ignored by longranger/invocation because it exceeded search pattern filesize limit: SRR4342139.2_fastqc.html
[2022-04-13 13:19:16,215] multiqc                                            [DEBUG  ]  File ignored by nanostat because it exceeded search pattern filesize limit: SRR4342139.2_fastqc.html
[2022-04-13 13:19:16,659] multiqc.plots.linegraph                            [DEBUG  ]  Using matplotlib version 3.3.4
[2022-04-13 13:19:16,660] multiqc.plots.bargraph                             [DEBUG  ]  Using matplotlib version 3.3.4
[2022-04-13 13:19:17,242] multiqc.modules.fastqc.fastqc                      [INFO   ]  Found 12 reports
[2022-04-13 13:19:17,504] multiqc                                            [INFO   ]  Compressing plot data
[2022-04-13 13:19:17,805] multiqc                                            [INFO   ]  Report      : ../../../../../../home/pcr98/GenomeAnalysis/GenomeAnalysis/output/multiQC/multiqc_report.html
[2022-04-13 13:19:17,805] multiqc                                            [INFO   ]  Data        : ../../../../../../home/pcr98/GenomeAnalysis/GenomeAnalysis/output/multiQC/multiqc_data
[2022-04-13 13:19:17,805] multiqc                                            [DEBUG  ]  Moving data file from '/scratch/6128962/tmpxhs93xyk/multiqc_data' to '/home/pcr98/GenomeAnalysis/GenomeAnalysis/output/multiQC/multiqc_data'
[2022-04-13 13:19:18,045] multiqc                                            [INFO   ]  MultiQC complete
